The system is: Linux - 4.15.0-62-generic - x86_64
Compiling the C compiler identification source file "CMakeCCompilerId.c" succeeded.
Compiler: /usr/bin/gcc 
Build flags: -march=nocona;-mtune=haswell;-ftree-vectorize;-fPIC;-fstack-protector-strong;-fno-plt;-O2;-ffunction-sections;-pipe;-isystem;/home/andfoy/anaconda3/envs/pytorch-cuda-dev/include;-I/usr/local/cuda-10.1.243/include;-L/home/andfoy/anaconda3/envs/pytorch-cuda-dev/lib
Id flags:  

The output was:
0


Compilation of the C compiler identification source "CMakeCCompilerId.c" produced "a.out"

The C compiler identification is GNU, found in "/home/andfoy/git/Quansight/test-lstm-pytorch/build/CMakeFiles/3.16.3/CompilerIdC/a.out"

Compiling the CXX compiler identification source file "CMakeCXXCompilerId.cpp" succeeded.
Compiler: /usr/bin/g++ 
Build flags: -fvisibility-inlines-hidden;-std=c++14;-fmessage-length=0;-march=nocona;-mtune=haswell;-ftree-vectorize;-fPIC;-fstack-protector-strong;-fno-plt;-O2;-ffunction-sections;-pipe;-isystem;/home/andfoy/anaconda3/envs/pytorch-cuda-dev/include;-I/usr/local/cuda-10.1.243/include;-L/usr/local/cuda-10.1.243/lib64;-L/home/andfoy/anaconda3/envs/pytorch-cuda-dev/lib
Id flags:  

The output was:
0


Compilation of the CXX compiler identification source "CMakeCXXCompilerId.cpp" produced "a.out"

The CXX compiler identification is GNU, found in "/home/andfoy/git/Quansight/test-lstm-pytorch/build/CMakeFiles/3.16.3/CompilerIdCXX/a.out"

Determining if the C compiler works passed with the following output:
Change Dir: /home/andfoy/git/Quansight/test-lstm-pytorch/build/CMakeFiles/CMakeTmp

Run Build Command(s):/usr/bin/make cmTC_9ee1d/fast && /usr/bin/make -f CMakeFiles/cmTC_9ee1d.dir/build.make CMakeFiles/cmTC_9ee1d.dir/build
make[1]: Entering directory '/home/andfoy/git/Quansight/test-lstm-pytorch/build/CMakeFiles/CMakeTmp'
Building C object CMakeFiles/cmTC_9ee1d.dir/testCCompiler.c.o
/usr/bin/gcc   -march=nocona -mtune=haswell -ftree-vectorize -fPIC -fstack-protector-strong -fno-plt -O2 -ffunction-sections -pipe -isystem /home/andfoy/anaconda3/envs/pytorch-cuda-dev/include -I/usr/local/cuda-10.1.243/include -L/home/andfoy/anaconda3/envs/pytorch-cuda-dev/lib    -o CMakeFiles/cmTC_9ee1d.dir/testCCompiler.c.o   -c /home/andfoy/git/Quansight/test-lstm-pytorch/build/CMakeFiles/CMakeTmp/testCCompiler.c
Linking C executable cmTC_9ee1d
/home/andfoy/anaconda3/envs/pytorch-cuda-dev/bin/cmake -E cmake_link_script CMakeFiles/cmTC_9ee1d.dir/link.txt --verbose=1
/usr/bin/gcc -march=nocona -mtune=haswell -ftree-vectorize -fPIC -fstack-protector-strong -fno-plt -O2 -ffunction-sections -pipe -isystem /home/andfoy/anaconda3/envs/pytorch-cuda-dev/include -I/usr/local/cuda-10.1.243/include -L/home/andfoy/anaconda3/envs/pytorch-cuda-dev/lib   -Wl,-O2 -Wl,--sort-common -Wl,--as-needed -Wl,-z,relro -Wl,-z,now -Wl,--disable-new-dtags -Wl,--gc-sections -Wl,-rpath,/home/andfoy/anaconda3/envs/pytorch-cuda-dev/lib -Wl,-rpath-link,/home/andfoy/anaconda3/envs/pytorch-cuda-dev/lib -L/home/andfoy/anaconda3/envs/pytorch-cuda-dev/lib -Wl,-rpath,/usr/local/cuda-10.1.243/lib64 -Wl,-rpath-link,/usr/local/cuda-10.1.243/lib64 -L/usr/local/cuda-10.1.243/lib64  -rdynamic CMakeFiles/cmTC_9ee1d.dir/testCCompiler.c.o  -o cmTC_9ee1d 
make[1]: Leaving directory '/home/andfoy/git/Quansight/test-lstm-pytorch/build/CMakeFiles/CMakeTmp'



Detecting C compiler ABI info compiled with the following output:
Change Dir: /home/andfoy/git/Quansight/test-lstm-pytorch/build/CMakeFiles/CMakeTmp

Run Build Command(s):/usr/bin/make cmTC_65dc4/fast && /usr/bin/make -f CMakeFiles/cmTC_65dc4.dir/build.make CMakeFiles/cmTC_65dc4.dir/build
make[1]: Entering directory '/home/andfoy/git/Quansight/test-lstm-pytorch/build/CMakeFiles/CMakeTmp'
Building C object CMakeFiles/cmTC_65dc4.dir/CMakeCCompilerABI.c.o
/usr/bin/gcc   -march=nocona -mtune=haswell -ftree-vectorize -fPIC -fstack-protector-strong -fno-plt -O2 -ffunction-sections -pipe -isystem /home/andfoy/anaconda3/envs/pytorch-cuda-dev/include -I/usr/local/cuda-10.1.243/include -L/home/andfoy/anaconda3/envs/pytorch-cuda-dev/lib    -v -o CMakeFiles/cmTC_65dc4.dir/CMakeCCompilerABI.c.o   -c /home/andfoy/anaconda3/envs/pytorch-cuda-dev/share/cmake-3.16/Modules/CMakeCCompilerABI.c
Using built-in specs.
COLLECT_GCC=/usr/bin/gcc
OFFLOAD_TARGET_NAMES=nvptx-none
OFFLOAD_TARGET_DEFAULT=1
Target: x86_64-linux-gnu
Configured with: ../src/configure -v --with-pkgversion='Ubuntu 7.4.0-1ubuntu1~18.04.1' --with-bugurl=file:///usr/share/doc/gcc-7/README.Bugs --enable-languages=c,ada,c++,go,brig,d,fortran,objc,obj-c++ --prefix=/usr --with-gcc-major-version-only --program-suffix=-7 --program-prefix=x86_64-linux-gnu- --enable-shared --enable-linker-build-id --libexecdir=/usr/lib --without-included-gettext --enable-threads=posix --libdir=/usr/lib --enable-nls --with-sysroot=/ --enable-clocale=gnu --enable-libstdcxx-debug --enable-libstdcxx-time=yes --with-default-libstdcxx-abi=new --enable-gnu-unique-object --disable-vtable-verify --enable-libmpx --enable-plugin --enable-default-pie --with-system-zlib --with-target-system-zlib --enable-objc-gc=auto --enable-multiarch --disable-werror --with-arch-32=i686 --with-abi=m64 --with-multilib-list=m32,m64,mx32 --enable-multilib --with-tune=generic --enable-offload-targets=nvptx-none --without-cuda-driver --enable-checking=release --build=x86_64-linux-gnu --host=x86_64-linux-gnu --target=x86_64-linux-gnu
Thread model: posix
gcc version 7.4.0 (Ubuntu 7.4.0-1ubuntu1~18.04.1) 
COLLECT_GCC_OPTIONS='-march=nocona' '-mtune=haswell' '-ftree-vectorize' '-fPIC' '-fstack-protector-strong' '-fno-plt' '-O2' '-ffunction-sections' '-pipe' '-isystem' '/home/andfoy/anaconda3/envs/pytorch-cuda-dev/include' '-I' '/usr/local/cuda-10.1.243/include' '-L/home/andfoy/anaconda3/envs/pytorch-cuda-dev/lib' '-v' '-o' 'CMakeFiles/cmTC_65dc4.dir/CMakeCCompilerABI.c.o' '-c'
 /usr/lib/gcc/x86_64-linux-gnu/7/cc1 -quiet -v -I /usr/local/cuda-10.1.243/include -imultiarch x86_64-linux-gnu -isystem /home/andfoy/anaconda3/envs/pytorch-cuda-dev/include /home/andfoy/anaconda3/envs/pytorch-cuda-dev/share/cmake-3.16/Modules/CMakeCCompilerABI.c -quiet -dumpbase CMakeCCompilerABI.c -march=nocona -mtune=haswell -auxbase-strip CMakeFiles/cmTC_65dc4.dir/CMakeCCompilerABI.c.o -O2 -version -ftree-vectorize -fPIC -fstack-protector-strong -fno-plt -ffunction-sections -fstack-protector-strong -Wformat -Wformat-security -o - |
 as -v -I /usr/local/cuda-10.1.243/include --64 -o CMakeFiles/cmTC_65dc4.dir/CMakeCCompilerABI.c.o
GNU assembler version 2.33.1 (x86_64-conda_cos6-linux-gnu) using BFD version (GNU Binutils) 2.33.1
GNU C11 (Ubuntu 7.4.0-1ubuntu1~18.04.1) version 7.4.0 (x86_64-linux-gnu)
	compiled by GNU C version 7.4.0, GMP version 6.1.2, MPFR version 4.0.1, MPC version 1.1.0, isl version isl-0.19-GMP

GGC heuristics: --param ggc-min-expand=100 --param ggc-min-heapsize=131072
ignoring nonexistent directory "/usr/local/include/x86_64-linux-gnu"
ignoring nonexistent directory "/usr/lib/gcc/x86_64-linux-gnu/7/../../../../x86_64-linux-gnu/include"
#include "..." search starts here:
#include <...> search starts here:
 /usr/local/cuda-10.1.243/include
 /home/andfoy/anaconda3/envs/pytorch-cuda-dev/include
 /usr/lib/gcc/x86_64-linux-gnu/7/include
 /usr/local/include
 /usr/lib/gcc/x86_64-linux-gnu/7/include-fixed
 /usr/include/x86_64-linux-gnu
 /usr/include
End of search list.
GNU C11 (Ubuntu 7.4.0-1ubuntu1~18.04.1) version 7.4.0 (x86_64-linux-gnu)
	compiled by GNU C version 7.4.0, GMP version 6.1.2, MPFR version 4.0.1, MPC version 1.1.0, isl version isl-0.19-GMP

GGC heuristics: --param ggc-min-expand=100 --param ggc-min-heapsize=131072
Compiler executable checksum: fa57db1fe2d756b22d454aa8428fd3bd
COMPILER_PATH=/usr/lib/gcc/x86_64-linux-gnu/7/:/usr/lib/gcc/x86_64-linux-gnu/7/:/usr/lib/gcc/x86_64-linux-gnu/:/usr/lib/gcc/x86_64-linux-gnu/7/:/usr/lib/gcc/x86_64-linux-gnu/
LIBRARY_PATH=/usr/lib/gcc/x86_64-linux-gnu/7/:/usr/lib/gcc/x86_64-linux-gnu/7/../../../x86_64-linux-gnu/:/usr/lib/gcc/x86_64-linux-gnu/7/../../../../lib/:/lib/x86_64-linux-gnu/:/lib/../lib/:/usr/lib/x86_64-linux-gnu/:/usr/lib/../lib/:/usr/lib/gcc/x86_64-linux-gnu/7/../../../:/lib/:/usr/lib/
COLLECT_GCC_OPTIONS='-march=nocona' '-mtune=haswell' '-ftree-vectorize' '-fPIC' '-fstack-protector-strong' '-fno-plt' '-O2' '-ffunction-sections' '-pipe' '-isystem' '/home/andfoy/anaconda3/envs/pytorch-cuda-dev/include' '-I' '/usr/local/cuda-10.1.243/include' '-L/home/andfoy/anaconda3/envs/pytorch-cuda-dev/lib' '-v' '-o' 'CMakeFiles/cmTC_65dc4.dir/CMakeCCompilerABI.c.o' '-c'
Linking C executable cmTC_65dc4
/home/andfoy/anaconda3/envs/pytorch-cuda-dev/bin/cmake -E cmake_link_script CMakeFiles/cmTC_65dc4.dir/link.txt --verbose=1
/usr/bin/gcc -march=nocona -mtune=haswell -ftree-vectorize -fPIC -fstack-protector-strong -fno-plt -O2 -ffunction-sections -pipe -isystem /home/andfoy/anaconda3/envs/pytorch-cuda-dev/include -I/usr/local/cuda-10.1.243/include -L/home/andfoy/anaconda3/envs/pytorch-cuda-dev/lib   -Wl,-O2 -Wl,--sort-common -Wl,--as-needed -Wl,-z,relro -Wl,-z,now -Wl,--disable-new-dtags -Wl,--gc-sections -Wl,-rpath,/home/andfoy/anaconda3/envs/pytorch-cuda-dev/lib -Wl,-rpath-link,/home/andfoy/anaconda3/envs/pytorch-cuda-dev/lib -L/home/andfoy/anaconda3/envs/pytorch-cuda-dev/lib -Wl,-rpath,/usr/local/cuda-10.1.243/lib64 -Wl,-rpath-link,/usr/local/cuda-10.1.243/lib64 -L/usr/local/cuda-10.1.243/lib64 -v -rdynamic CMakeFiles/cmTC_65dc4.dir/CMakeCCompilerABI.c.o  -o cmTC_65dc4 
Using built-in specs.
COLLECT_GCC=/usr/bin/gcc
COLLECT_LTO_WRAPPER=/usr/lib/gcc/x86_64-linux-gnu/7/lto-wrapper
OFFLOAD_TARGET_NAMES=nvptx-none
OFFLOAD_TARGET_DEFAULT=1
Target: x86_64-linux-gnu
Configured with: ../src/configure -v --with-pkgversion='Ubuntu 7.4.0-1ubuntu1~18.04.1' --with-bugurl=file:///usr/share/doc/gcc-7/README.Bugs --enable-languages=c,ada,c++,go,brig,d,fortran,objc,obj-c++ --prefix=/usr --with-gcc-major-version-only --program-suffix=-7 --program-prefix=x86_64-linux-gnu- --enable-shared --enable-linker-build-id --libexecdir=/usr/lib --without-included-gettext --enable-threads=posix --libdir=/usr/lib --enable-nls --with-sysroot=/ --enable-clocale=gnu --enable-libstdcxx-debug --enable-libstdcxx-time=yes --with-default-libstdcxx-abi=new --enable-gnu-unique-object --disable-vtable-verify --enable-libmpx --enable-plugin --enable-default-pie --with-system-zlib --with-target-system-zlib --enable-objc-gc=auto --enable-multiarch --disable-werror --with-arch-32=i686 --with-abi=m64 --with-multilib-list=m32,m64,mx32 --enable-multilib --with-tune=generic --enable-offload-targets=nvptx-none --without-cuda-driver --enable-checking=release --build=x86_64-linux-gnu --host=x86_64-linux-gnu --target=x86_64-linux-gnu
Thread model: posix
gcc version 7.4.0 (Ubuntu 7.4.0-1ubuntu1~18.04.1) 
COMPILER_PATH=/usr/lib/gcc/x86_64-linux-gnu/7/:/usr/lib/gcc/x86_64-linux-gnu/7/:/usr/lib/gcc/x86_64-linux-gnu/:/usr/lib/gcc/x86_64-linux-gnu/7/:/usr/lib/gcc/x86_64-linux-gnu/
LIBRARY_PATH=/usr/lib/gcc/x86_64-linux-gnu/7/:/usr/lib/gcc/x86_64-linux-gnu/7/../../../x86_64-linux-gnu/:/usr/lib/gcc/x86_64-linux-gnu/7/../../../../lib/:/lib/x86_64-linux-gnu/:/lib/../lib/:/usr/lib/x86_64-linux-gnu/:/usr/lib/../lib/:/usr/lib/gcc/x86_64-linux-gnu/7/../../../:/lib/:/usr/lib/
COLLECT_GCC_OPTIONS='-march=nocona' '-mtune=haswell' '-ftree-vectorize' '-fPIC' '-fstack-protector-strong' '-fno-plt' '-O2' '-ffunction-sections' '-pipe' '-isystem' '/home/andfoy/anaconda3/envs/pytorch-cuda-dev/include' '-I' '/usr/local/cuda-10.1.243/include' '-L/home/andfoy/anaconda3/envs/pytorch-cuda-dev/lib' '-L/home/andfoy/anaconda3/envs/pytorch-cuda-dev/lib' '-L/usr/local/cuda-10.1.243/lib64' '-v' '-rdynamic' '-o' 'cmTC_65dc4'
 /usr/lib/gcc/x86_64-linux-gnu/7/collect2 -plugin /usr/lib/gcc/x86_64-linux-gnu/7/liblto_plugin.so -plugin-opt=/usr/lib/gcc/x86_64-linux-gnu/7/lto-wrapper -plugin-opt=-fresolution=/tmp/cc7OKGhB.res -plugin-opt=-pass-through=-lgcc -plugin-opt=-pass-through=-lgcc_s -plugin-opt=-pass-through=-lc -plugin-opt=-pass-through=-lgcc -plugin-opt=-pass-through=-lgcc_s --sysroot=/ --build-id --eh-frame-hdr -m elf_x86_64 --hash-style=gnu --as-needed -export-dynamic -dynamic-linker /lib64/ld-linux-x86-64.so.2 -pie -z now -z relro -o cmTC_65dc4 /usr/lib/gcc/x86_64-linux-gnu/7/../../../x86_64-linux-gnu/Scrt1.o /usr/lib/gcc/x86_64-linux-gnu/7/../../../x86_64-linux-gnu/crti.o /usr/lib/gcc/x86_64-linux-gnu/7/crtbeginS.o -L/home/andfoy/anaconda3/envs/pytorch-cuda-dev/lib -L/home/andfoy/anaconda3/envs/pytorch-cuda-dev/lib -L/usr/local/cuda-10.1.243/lib64 -L/usr/lib/gcc/x86_64-linux-gnu/7 -L/usr/lib/gcc/x86_64-linux-gnu/7/../../../x86_64-linux-gnu -L/usr/lib/gcc/x86_64-linux-gnu/7/../../../../lib -L/lib/x86_64-linux-gnu -L/lib/../lib -L/usr/lib/x86_64-linux-gnu -L/usr/lib/../lib -L/usr/lib/gcc/x86_64-linux-gnu/7/../../.. -O2 --sort-common --as-needed -z relro -z now --disable-new-dtags --gc-sections -rpath /home/andfoy/anaconda3/envs/pytorch-cuda-dev/lib -rpath-link /home/andfoy/anaconda3/envs/pytorch-cuda-dev/lib -rpath /usr/local/cuda-10.1.243/lib64 -rpath-link /usr/local/cuda-10.1.243/lib64 CMakeFiles/cmTC_65dc4.dir/CMakeCCompilerABI.c.o -lgcc --push-state --as-needed -lgcc_s --pop-state -lc -lgcc --push-state --as-needed -lgcc_s --pop-state /usr/lib/gcc/x86_64-linux-gnu/7/crtendS.o /usr/lib/gcc/x86_64-linux-gnu/7/../../../x86_64-linux-gnu/crtn.o
COLLECT_GCC_OPTIONS='-march=nocona' '-mtune=haswell' '-ftree-vectorize' '-fPIC' '-fstack-protector-strong' '-fno-plt' '-O2' '-ffunction-sections' '-pipe' '-isystem' '/home/andfoy/anaconda3/envs/pytorch-cuda-dev/include' '-I' '/usr/local/cuda-10.1.243/include' '-L/home/andfoy/anaconda3/envs/pytorch-cuda-dev/lib' '-L/home/andfoy/anaconda3/envs/pytorch-cuda-dev/lib' '-L/usr/local/cuda-10.1.243/lib64' '-v' '-rdynamic' '-o' 'cmTC_65dc4'
make[1]: Leaving directory '/home/andfoy/git/Quansight/test-lstm-pytorch/build/CMakeFiles/CMakeTmp'



Parsed C implicit include dir info from above output: rv=done
  found start of include info
  found start of implicit include info
    add: [/usr/local/cuda-10.1.243/include]
    add: [/home/andfoy/anaconda3/envs/pytorch-cuda-dev/include]
    add: [/usr/lib/gcc/x86_64-linux-gnu/7/include]
    add: [/usr/local/include]
    add: [/usr/lib/gcc/x86_64-linux-gnu/7/include-fixed]
    add: [/usr/include/x86_64-linux-gnu]
    add: [/usr/include]
  end of search list found
  collapse include dir [/usr/local/cuda-10.1.243/include] ==> [/usr/local/cuda-10.1.243/include]
  collapse include dir [/home/andfoy/anaconda3/envs/pytorch-cuda-dev/include] ==> [/home/andfoy/anaconda3/envs/pytorch-cuda-dev/include]
  collapse include dir [/usr/lib/gcc/x86_64-linux-gnu/7/include] ==> [/usr/lib/gcc/x86_64-linux-gnu/7/include]
  collapse include dir [/usr/local/include] ==> [/usr/local/include]
  collapse include dir [/usr/lib/gcc/x86_64-linux-gnu/7/include-fixed] ==> [/usr/lib/gcc/x86_64-linux-gnu/7/include-fixed]
  collapse include dir [/usr/include/x86_64-linux-gnu] ==> [/usr/include/x86_64-linux-gnu]
  collapse include dir [/usr/include] ==> [/usr/include]
  implicit include dirs: [/usr/local/cuda-10.1.243/include;/home/andfoy/anaconda3/envs/pytorch-cuda-dev/include;/usr/lib/gcc/x86_64-linux-gnu/7/include;/usr/local/include;/usr/lib/gcc/x86_64-linux-gnu/7/include-fixed;/usr/include/x86_64-linux-gnu;/usr/include]


Parsed C implicit link information from above output:
  link line regex: [^( *|.*[/\])(ld|CMAKE_LINK_STARTFILE-NOTFOUND|([^/\]+-)?ld|collect2)[^/\]*( |$)]
  ignore line: [Change Dir: /home/andfoy/git/Quansight/test-lstm-pytorch/build/CMakeFiles/CMakeTmp]
  ignore line: []
  ignore line: [Run Build Command(s):/usr/bin/make cmTC_65dc4/fast && /usr/bin/make -f CMakeFiles/cmTC_65dc4.dir/build.make CMakeFiles/cmTC_65dc4.dir/build]
  ignore line: [make[1]: Entering directory '/home/andfoy/git/Quansight/test-lstm-pytorch/build/CMakeFiles/CMakeTmp']
  ignore line: [Building C object CMakeFiles/cmTC_65dc4.dir/CMakeCCompilerABI.c.o]
  ignore line: [/usr/bin/gcc   -march=nocona -mtune=haswell -ftree-vectorize -fPIC -fstack-protector-strong -fno-plt -O2 -ffunction-sections -pipe -isystem /home/andfoy/anaconda3/envs/pytorch-cuda-dev/include -I/usr/local/cuda-10.1.243/include -L/home/andfoy/anaconda3/envs/pytorch-cuda-dev/lib    -v -o CMakeFiles/cmTC_65dc4.dir/CMakeCCompilerABI.c.o   -c /home/andfoy/anaconda3/envs/pytorch-cuda-dev/share/cmake-3.16/Modules/CMakeCCompilerABI.c]
  ignore line: [Using built-in specs.]
  ignore line: [COLLECT_GCC=/usr/bin/gcc]
  ignore line: [OFFLOAD_TARGET_NAMES=nvptx-none]
  ignore line: [OFFLOAD_TARGET_DEFAULT=1]
  ignore line: [Target: x86_64-linux-gnu]
  ignore line: [Configured with: ../src/configure -v --with-pkgversion='Ubuntu 7.4.0-1ubuntu1~18.04.1' --with-bugurl=file:///usr/share/doc/gcc-7/README.Bugs --enable-languages=c ada c++ go brig d fortran objc obj-c++ --prefix=/usr --with-gcc-major-version-only --program-suffix=-7 --program-prefix=x86_64-linux-gnu- --enable-shared --enable-linker-build-id --libexecdir=/usr/lib --without-included-gettext --enable-threads=posix --libdir=/usr/lib --enable-nls --with-sysroot=/ --enable-clocale=gnu --enable-libstdcxx-debug --enable-libstdcxx-time=yes --with-default-libstdcxx-abi=new --enable-gnu-unique-object --disable-vtable-verify --enable-libmpx --enable-plugin --enable-default-pie --with-system-zlib --with-target-system-zlib --enable-objc-gc=auto --enable-multiarch --disable-werror --with-arch-32=i686 --with-abi=m64 --with-multilib-list=m32 m64 mx32 --enable-multilib --with-tune=generic --enable-offload-targets=nvptx-none --without-cuda-driver --enable-checking=release --build=x86_64-linux-gnu --host=x86_64-linux-gnu --target=x86_64-linux-gnu]
  ignore line: [Thread model: posix]
  ignore line: [gcc version 7.4.0 (Ubuntu 7.4.0-1ubuntu1~18.04.1) ]
  ignore line: [COLLECT_GCC_OPTIONS='-march=nocona' '-mtune=haswell' '-ftree-vectorize' '-fPIC' '-fstack-protector-strong' '-fno-plt' '-O2' '-ffunction-sections' '-pipe' '-isystem' '/home/andfoy/anaconda3/envs/pytorch-cuda-dev/include' '-I' '/usr/local/cuda-10.1.243/include' '-L/home/andfoy/anaconda3/envs/pytorch-cuda-dev/lib' '-v' '-o' 'CMakeFiles/cmTC_65dc4.dir/CMakeCCompilerABI.c.o' '-c']
  ignore line: [ /usr/lib/gcc/x86_64-linux-gnu/7/cc1 -quiet -v -I /usr/local/cuda-10.1.243/include -imultiarch x86_64-linux-gnu -isystem /home/andfoy/anaconda3/envs/pytorch-cuda-dev/include /home/andfoy/anaconda3/envs/pytorch-cuda-dev/share/cmake-3.16/Modules/CMakeCCompilerABI.c -quiet -dumpbase CMakeCCompilerABI.c -march=nocona -mtune=haswell -auxbase-strip CMakeFiles/cmTC_65dc4.dir/CMakeCCompilerABI.c.o -O2 -version -ftree-vectorize -fPIC -fstack-protector-strong -fno-plt -ffunction-sections -fstack-protector-strong -Wformat -Wformat-security -o - |]
  ignore line: [ as -v -I /usr/local/cuda-10.1.243/include --64 -o CMakeFiles/cmTC_65dc4.dir/CMakeCCompilerABI.c.o]
  ignore line: [GNU assembler version 2.33.1 (x86_64-conda_cos6-linux-gnu) using BFD version (GNU Binutils) 2.33.1]
  ignore line: [GNU C11 (Ubuntu 7.4.0-1ubuntu1~18.04.1) version 7.4.0 (x86_64-linux-gnu)]
  ignore line: [	compiled by GNU C version 7.4.0  GMP version 6.1.2  MPFR version 4.0.1  MPC version 1.1.0  isl version isl-0.19-GMP]
  ignore line: []
  ignore line: [GGC heuristics: --param ggc-min-expand=100 --param ggc-min-heapsize=131072]
  ignore line: [ignoring nonexistent directory "/usr/local/include/x86_64-linux-gnu"]
  ignore line: [ignoring nonexistent directory "/usr/lib/gcc/x86_64-linux-gnu/7/../../../../x86_64-linux-gnu/include"]
  ignore line: [#include "..." search starts here:]
  ignore line: [#include <...> search starts here:]
  ignore line: [ /usr/local/cuda-10.1.243/include]
  ignore line: [ /home/andfoy/anaconda3/envs/pytorch-cuda-dev/include]
  ignore line: [ /usr/lib/gcc/x86_64-linux-gnu/7/include]
  ignore line: [ /usr/local/include]
  ignore line: [ /usr/lib/gcc/x86_64-linux-gnu/7/include-fixed]
  ignore line: [ /usr/include/x86_64-linux-gnu]
  ignore line: [ /usr/include]
  ignore line: [End of search list.]
  ignore line: [GNU C11 (Ubuntu 7.4.0-1ubuntu1~18.04.1) version 7.4.0 (x86_64-linux-gnu)]
  ignore line: [	compiled by GNU C version 7.4.0  GMP version 6.1.2  MPFR version 4.0.1  MPC version 1.1.0  isl version isl-0.19-GMP]
  ignore line: []
  ignore line: [GGC heuristics: --param ggc-min-expand=100 --param ggc-min-heapsize=131072]
  ignore line: [Compiler executable checksum: fa57db1fe2d756b22d454aa8428fd3bd]
  ignore line: [COMPILER_PATH=/usr/lib/gcc/x86_64-linux-gnu/7/:/usr/lib/gcc/x86_64-linux-gnu/7/:/usr/lib/gcc/x86_64-linux-gnu/:/usr/lib/gcc/x86_64-linux-gnu/7/:/usr/lib/gcc/x86_64-linux-gnu/]
  ignore line: [LIBRARY_PATH=/usr/lib/gcc/x86_64-linux-gnu/7/:/usr/lib/gcc/x86_64-linux-gnu/7/../../../x86_64-linux-gnu/:/usr/lib/gcc/x86_64-linux-gnu/7/../../../../lib/:/lib/x86_64-linux-gnu/:/lib/../lib/:/usr/lib/x86_64-linux-gnu/:/usr/lib/../lib/:/usr/lib/gcc/x86_64-linux-gnu/7/../../../:/lib/:/usr/lib/]
  ignore line: [COLLECT_GCC_OPTIONS='-march=nocona' '-mtune=haswell' '-ftree-vectorize' '-fPIC' '-fstack-protector-strong' '-fno-plt' '-O2' '-ffunction-sections' '-pipe' '-isystem' '/home/andfoy/anaconda3/envs/pytorch-cuda-dev/include' '-I' '/usr/local/cuda-10.1.243/include' '-L/home/andfoy/anaconda3/envs/pytorch-cuda-dev/lib' '-v' '-o' 'CMakeFiles/cmTC_65dc4.dir/CMakeCCompilerABI.c.o' '-c']
  ignore line: [Linking C executable cmTC_65dc4]
  ignore line: [/home/andfoy/anaconda3/envs/pytorch-cuda-dev/bin/cmake -E cmake_link_script CMakeFiles/cmTC_65dc4.dir/link.txt --verbose=1]
  ignore line: [/usr/bin/gcc -march=nocona -mtune=haswell -ftree-vectorize -fPIC -fstack-protector-strong -fno-plt -O2 -ffunction-sections -pipe -isystem /home/andfoy/anaconda3/envs/pytorch-cuda-dev/include -I/usr/local/cuda-10.1.243/include -L/home/andfoy/anaconda3/envs/pytorch-cuda-dev/lib   -Wl -O2 -Wl --sort-common -Wl --as-needed -Wl -z relro -Wl -z now -Wl --disable-new-dtags -Wl --gc-sections -Wl -rpath /home/andfoy/anaconda3/envs/pytorch-cuda-dev/lib -Wl -rpath-link /home/andfoy/anaconda3/envs/pytorch-cuda-dev/lib -L/home/andfoy/anaconda3/envs/pytorch-cuda-dev/lib -Wl -rpath /usr/local/cuda-10.1.243/lib64 -Wl -rpath-link /usr/local/cuda-10.1.243/lib64 -L/usr/local/cuda-10.1.243/lib64 -v -rdynamic CMakeFiles/cmTC_65dc4.dir/CMakeCCompilerABI.c.o  -o cmTC_65dc4 ]
  ignore line: [Using built-in specs.]
  ignore line: [COLLECT_GCC=/usr/bin/gcc]
  ignore line: [COLLECT_LTO_WRAPPER=/usr/lib/gcc/x86_64-linux-gnu/7/lto-wrapper]
  ignore line: [OFFLOAD_TARGET_NAMES=nvptx-none]
  ignore line: [OFFLOAD_TARGET_DEFAULT=1]
  ignore line: [Target: x86_64-linux-gnu]
  ignore line: [Configured with: ../src/configure -v --with-pkgversion='Ubuntu 7.4.0-1ubuntu1~18.04.1' --with-bugurl=file:///usr/share/doc/gcc-7/README.Bugs --enable-languages=c ada c++ go brig d fortran objc obj-c++ --prefix=/usr --with-gcc-major-version-only --program-suffix=-7 --program-prefix=x86_64-linux-gnu- --enable-shared --enable-linker-build-id --libexecdir=/usr/lib --without-included-gettext --enable-threads=posix --libdir=/usr/lib --enable-nls --with-sysroot=/ --enable-clocale=gnu --enable-libstdcxx-debug --enable-libstdcxx-time=yes --with-default-libstdcxx-abi=new --enable-gnu-unique-object --disable-vtable-verify --enable-libmpx --enable-plugin --enable-default-pie --with-system-zlib --with-target-system-zlib --enable-objc-gc=auto --enable-multiarch --disable-werror --with-arch-32=i686 --with-abi=m64 --with-multilib-list=m32 m64 mx32 --enable-multilib --with-tune=generic --enable-offload-targets=nvptx-none --without-cuda-driver --enable-checking=release --build=x86_64-linux-gnu --host=x86_64-linux-gnu --target=x86_64-linux-gnu]
  ignore line: [Thread model: posix]
  ignore line: [gcc version 7.4.0 (Ubuntu 7.4.0-1ubuntu1~18.04.1) ]
  ignore line: [COMPILER_PATH=/usr/lib/gcc/x86_64-linux-gnu/7/:/usr/lib/gcc/x86_64-linux-gnu/7/:/usr/lib/gcc/x86_64-linux-gnu/:/usr/lib/gcc/x86_64-linux-gnu/7/:/usr/lib/gcc/x86_64-linux-gnu/]
  ignore line: [LIBRARY_PATH=/usr/lib/gcc/x86_64-linux-gnu/7/:/usr/lib/gcc/x86_64-linux-gnu/7/../../../x86_64-linux-gnu/:/usr/lib/gcc/x86_64-linux-gnu/7/../../../../lib/:/lib/x86_64-linux-gnu/:/lib/../lib/:/usr/lib/x86_64-linux-gnu/:/usr/lib/../lib/:/usr/lib/gcc/x86_64-linux-gnu/7/../../../:/lib/:/usr/lib/]
  ignore line: [COLLECT_GCC_OPTIONS='-march=nocona' '-mtune=haswell' '-ftree-vectorize' '-fPIC' '-fstack-protector-strong' '-fno-plt' '-O2' '-ffunction-sections' '-pipe' '-isystem' '/home/andfoy/anaconda3/envs/pytorch-cuda-dev/include' '-I' '/usr/local/cuda-10.1.243/include' '-L/home/andfoy/anaconda3/envs/pytorch-cuda-dev/lib' '-L/home/andfoy/anaconda3/envs/pytorch-cuda-dev/lib' '-L/usr/local/cuda-10.1.243/lib64' '-v' '-rdynamic' '-o' 'cmTC_65dc4']
  link line: [ /usr/lib/gcc/x86_64-linux-gnu/7/collect2 -plugin /usr/lib/gcc/x86_64-linux-gnu/7/liblto_plugin.so -plugin-opt=/usr/lib/gcc/x86_64-linux-gnu/7/lto-wrapper -plugin-opt=-fresolution=/tmp/cc7OKGhB.res -plugin-opt=-pass-through=-lgcc -plugin-opt=-pass-through=-lgcc_s -plugin-opt=-pass-through=-lc -plugin-opt=-pass-through=-lgcc -plugin-opt=-pass-through=-lgcc_s --sysroot=/ --build-id --eh-frame-hdr -m elf_x86_64 --hash-style=gnu --as-needed -export-dynamic -dynamic-linker /lib64/ld-linux-x86-64.so.2 -pie -z now -z relro -o cmTC_65dc4 /usr/lib/gcc/x86_64-linux-gnu/7/../../../x86_64-linux-gnu/Scrt1.o /usr/lib/gcc/x86_64-linux-gnu/7/../../../x86_64-linux-gnu/crti.o /usr/lib/gcc/x86_64-linux-gnu/7/crtbeginS.o -L/home/andfoy/anaconda3/envs/pytorch-cuda-dev/lib -L/home/andfoy/anaconda3/envs/pytorch-cuda-dev/lib -L/usr/local/cuda-10.1.243/lib64 -L/usr/lib/gcc/x86_64-linux-gnu/7 -L/usr/lib/gcc/x86_64-linux-gnu/7/../../../x86_64-linux-gnu -L/usr/lib/gcc/x86_64-linux-gnu/7/../../../../lib -L/lib/x86_64-linux-gnu -L/lib/../lib -L/usr/lib/x86_64-linux-gnu -L/usr/lib/../lib -L/usr/lib/gcc/x86_64-linux-gnu/7/../../.. -O2 --sort-common --as-needed -z relro -z now --disable-new-dtags --gc-sections -rpath /home/andfoy/anaconda3/envs/pytorch-cuda-dev/lib -rpath-link /home/andfoy/anaconda3/envs/pytorch-cuda-dev/lib -rpath /usr/local/cuda-10.1.243/lib64 -rpath-link /usr/local/cuda-10.1.243/lib64 CMakeFiles/cmTC_65dc4.dir/CMakeCCompilerABI.c.o -lgcc --push-state --as-needed -lgcc_s --pop-state -lc -lgcc --push-state --as-needed -lgcc_s --pop-state /usr/lib/gcc/x86_64-linux-gnu/7/crtendS.o /usr/lib/gcc/x86_64-linux-gnu/7/../../../x86_64-linux-gnu/crtn.o]
    arg [/usr/lib/gcc/x86_64-linux-gnu/7/collect2] ==> ignore
    arg [-plugin] ==> ignore
    arg [/usr/lib/gcc/x86_64-linux-gnu/7/liblto_plugin.so] ==> ignore
    arg [-plugin-opt=/usr/lib/gcc/x86_64-linux-gnu/7/lto-wrapper] ==> ignore
    arg [-plugin-opt=-fresolution=/tmp/cc7OKGhB.res] ==> ignore
    arg [-plugin-opt=-pass-through=-lgcc] ==> ignore
    arg [-plugin-opt=-pass-through=-lgcc_s] ==> ignore
    arg [-plugin-opt=-pass-through=-lc] ==> ignore
    arg [-plugin-opt=-pass-through=-lgcc] ==> ignore
    arg [-plugin-opt=-pass-through=-lgcc_s] ==> ignore
    arg [--sysroot=/] ==> ignore
    arg [--build-id] ==> ignore
    arg [--eh-frame-hdr] ==> ignore
    arg [-m] ==> ignore
    arg [elf_x86_64] ==> ignore
    arg [--hash-style=gnu] ==> ignore
    arg [--as-needed] ==> ignore
    arg [-export-dynamic] ==> ignore
    arg [-dynamic-linker] ==> ignore
    arg [/lib64/ld-linux-x86-64.so.2] ==> ignore
    arg [-pie] ==> ignore
    arg [-znow] ==> ignore
    arg [-zrelro] ==> ignore
    arg [-o] ==> ignore
    arg [cmTC_65dc4] ==> ignore
    arg [/usr/lib/gcc/x86_64-linux-gnu/7/../../../x86_64-linux-gnu/Scrt1.o] ==> ignore
    arg [/usr/lib/gcc/x86_64-linux-gnu/7/../../../x86_64-linux-gnu/crti.o] ==> ignore
    arg [/usr/lib/gcc/x86_64-linux-gnu/7/crtbeginS.o] ==> ignore
    arg [-L/home/andfoy/anaconda3/envs/pytorch-cuda-dev/lib] ==> dir [/home/andfoy/anaconda3/envs/pytorch-cuda-dev/lib]
    arg [-L/home/andfoy/anaconda3/envs/pytorch-cuda-dev/lib] ==> dir [/home/andfoy/anaconda3/envs/pytorch-cuda-dev/lib]
    arg [-L/usr/local/cuda-10.1.243/lib64] ==> dir [/usr/local/cuda-10.1.243/lib64]
    arg [-L/usr/lib/gcc/x86_64-linux-gnu/7] ==> dir [/usr/lib/gcc/x86_64-linux-gnu/7]
    arg [-L/usr/lib/gcc/x86_64-linux-gnu/7/../../../x86_64-linux-gnu] ==> dir [/usr/lib/gcc/x86_64-linux-gnu/7/../../../x86_64-linux-gnu]
    arg [-L/usr/lib/gcc/x86_64-linux-gnu/7/../../../../lib] ==> dir [/usr/lib/gcc/x86_64-linux-gnu/7/../../../../lib]
    arg [-L/lib/x86_64-linux-gnu] ==> dir [/lib/x86_64-linux-gnu]
    arg [-L/lib/../lib] ==> dir [/lib/../lib]
    arg [-L/usr/lib/x86_64-linux-gnu] ==> dir [/usr/lib/x86_64-linux-gnu]
    arg [-L/usr/lib/../lib] ==> dir [/usr/lib/../lib]
    arg [-L/usr/lib/gcc/x86_64-linux-gnu/7/../../..] ==> dir [/usr/lib/gcc/x86_64-linux-gnu/7/../../..]
    arg [-O2] ==> ignore
    arg [--sort-common] ==> ignore
    arg [--as-needed] ==> ignore
    arg [-zrelro] ==> ignore
    arg [-znow] ==> ignore
    arg [--disable-new-dtags] ==> ignore
    arg [--gc-sections] ==> ignore
    arg [-rpath] ==> ignore
    arg [/home/andfoy/anaconda3/envs/pytorch-cuda-dev/lib] ==> ignore
    arg [-rpath-link] ==> ignore
    arg [/home/andfoy/anaconda3/envs/pytorch-cuda-dev/lib] ==> ignore
    arg [-rpath] ==> ignore
    arg [/usr/local/cuda-10.1.243/lib64] ==> ignore
    arg [-rpath-link] ==> ignore
    arg [/usr/local/cuda-10.1.243/lib64] ==> ignore
    arg [CMakeFiles/cmTC_65dc4.dir/CMakeCCompilerABI.c.o] ==> ignore
    arg [-lgcc] ==> lib [gcc]
    arg [--push-state] ==> ignore
    arg [--as-needed] ==> ignore
    arg [-lgcc_s] ==> lib [gcc_s]
    arg [--pop-state] ==> ignore
    arg [-lc] ==> lib [c]
    arg [-lgcc] ==> lib [gcc]
    arg [--push-state] ==> ignore
    arg [--as-needed] ==> ignore
    arg [-lgcc_s] ==> lib [gcc_s]
    arg [--pop-state] ==> ignore
    arg [/usr/lib/gcc/x86_64-linux-gnu/7/crtendS.o] ==> ignore
    arg [/usr/lib/gcc/x86_64-linux-gnu/7/../../../x86_64-linux-gnu/crtn.o] ==> ignore
  collapse library dir [/home/andfoy/anaconda3/envs/pytorch-cuda-dev/lib] ==> [/home/andfoy/anaconda3/envs/pytorch-cuda-dev/lib]
  collapse library dir [/home/andfoy/anaconda3/envs/pytorch-cuda-dev/lib] ==> [/home/andfoy/anaconda3/envs/pytorch-cuda-dev/lib]
  collapse library dir [/usr/local/cuda-10.1.243/lib64] ==> [/usr/local/cuda-10.1.243/lib64]
  collapse library dir [/usr/lib/gcc/x86_64-linux-gnu/7] ==> [/usr/lib/gcc/x86_64-linux-gnu/7]
  collapse library dir [/usr/lib/gcc/x86_64-linux-gnu/7/../../../x86_64-linux-gnu] ==> [/usr/lib/x86_64-linux-gnu]
  collapse library dir [/usr/lib/gcc/x86_64-linux-gnu/7/../../../../lib] ==> [/usr/lib]
  collapse library dir [/lib/x86_64-linux-gnu] ==> [/lib/x86_64-linux-gnu]
  collapse library dir [/lib/../lib] ==> [/lib]
  collapse library dir [/usr/lib/x86_64-linux-gnu] ==> [/usr/lib/x86_64-linux-gnu]
  collapse library dir [/usr/lib/../lib] ==> [/usr/lib]
  collapse library dir [/usr/lib/gcc/x86_64-linux-gnu/7/../../..] ==> [/usr/lib]
  implicit libs: [gcc;gcc_s;c;gcc;gcc_s]
  implicit dirs: [/home/andfoy/anaconda3/envs/pytorch-cuda-dev/lib;/usr/local/cuda-10.1.243/lib64;/usr/lib/gcc/x86_64-linux-gnu/7;/usr/lib/x86_64-linux-gnu;/usr/lib;/lib/x86_64-linux-gnu;/lib]
  implicit fwks: []


Determining if the CXX compiler works passed with the following output:
Change Dir: /home/andfoy/git/Quansight/test-lstm-pytorch/build/CMakeFiles/CMakeTmp

Run Build Command(s):/usr/bin/make cmTC_3164e/fast && /usr/bin/make -f CMakeFiles/cmTC_3164e.dir/build.make CMakeFiles/cmTC_3164e.dir/build
make[1]: Entering directory '/home/andfoy/git/Quansight/test-lstm-pytorch/build/CMakeFiles/CMakeTmp'
Building CXX object CMakeFiles/cmTC_3164e.dir/testCXXCompiler.cxx.o
/usr/bin/g++    -fvisibility-inlines-hidden -std=c++14 -fmessage-length=0 -march=nocona -mtune=haswell -ftree-vectorize -fPIC -fstack-protector-strong -fno-plt -O2 -ffunction-sections -pipe -isystem /home/andfoy/anaconda3/envs/pytorch-cuda-dev/include -I/usr/local/cuda-10.1.243/include -L/usr/local/cuda-10.1.243/lib64 -L/home/andfoy/anaconda3/envs/pytorch-cuda-dev/lib    -o CMakeFiles/cmTC_3164e.dir/testCXXCompiler.cxx.o -c /home/andfoy/git/Quansight/test-lstm-pytorch/build/CMakeFiles/CMakeTmp/testCXXCompiler.cxx
Linking CXX executable cmTC_3164e
/home/andfoy/anaconda3/envs/pytorch-cuda-dev/bin/cmake -E cmake_link_script CMakeFiles/cmTC_3164e.dir/link.txt --verbose=1
/usr/bin/g++  -fvisibility-inlines-hidden -std=c++14 -fmessage-length=0 -march=nocona -mtune=haswell -ftree-vectorize -fPIC -fstack-protector-strong -fno-plt -O2 -ffunction-sections -pipe -isystem /home/andfoy/anaconda3/envs/pytorch-cuda-dev/include -I/usr/local/cuda-10.1.243/include -L/usr/local/cuda-10.1.243/lib64 -L/home/andfoy/anaconda3/envs/pytorch-cuda-dev/lib   -Wl,-O2 -Wl,--sort-common -Wl,--as-needed -Wl,-z,relro -Wl,-z,now -Wl,--disable-new-dtags -Wl,--gc-sections -Wl,-rpath,/home/andfoy/anaconda3/envs/pytorch-cuda-dev/lib -Wl,-rpath-link,/home/andfoy/anaconda3/envs/pytorch-cuda-dev/lib -L/home/andfoy/anaconda3/envs/pytorch-cuda-dev/lib -Wl,-rpath,/usr/local/cuda-10.1.243/lib64 -Wl,-rpath-link,/usr/local/cuda-10.1.243/lib64 -L/usr/local/cuda-10.1.243/lib64  -rdynamic CMakeFiles/cmTC_3164e.dir/testCXXCompiler.cxx.o  -o cmTC_3164e 
make[1]: Leaving directory '/home/andfoy/git/Quansight/test-lstm-pytorch/build/CMakeFiles/CMakeTmp'



Detecting CXX compiler ABI info compiled with the following output:
Change Dir: /home/andfoy/git/Quansight/test-lstm-pytorch/build/CMakeFiles/CMakeTmp

Run Build Command(s):/usr/bin/make cmTC_a7d3d/fast && /usr/bin/make -f CMakeFiles/cmTC_a7d3d.dir/build.make CMakeFiles/cmTC_a7d3d.dir/build
make[1]: Entering directory '/home/andfoy/git/Quansight/test-lstm-pytorch/build/CMakeFiles/CMakeTmp'
Building CXX object CMakeFiles/cmTC_a7d3d.dir/CMakeCXXCompilerABI.cpp.o
/usr/bin/g++    -fvisibility-inlines-hidden -std=c++14 -fmessage-length=0 -march=nocona -mtune=haswell -ftree-vectorize -fPIC -fstack-protector-strong -fno-plt -O2 -ffunction-sections -pipe -isystem /home/andfoy/anaconda3/envs/pytorch-cuda-dev/include -I/usr/local/cuda-10.1.243/include -L/usr/local/cuda-10.1.243/lib64 -L/home/andfoy/anaconda3/envs/pytorch-cuda-dev/lib    -v -o CMakeFiles/cmTC_a7d3d.dir/CMakeCXXCompilerABI.cpp.o -c /home/andfoy/anaconda3/envs/pytorch-cuda-dev/share/cmake-3.16/Modules/CMakeCXXCompilerABI.cpp
Using built-in specs.
COLLECT_GCC=/usr/bin/g++
OFFLOAD_TARGET_NAMES=nvptx-none
OFFLOAD_TARGET_DEFAULT=1
Target: x86_64-linux-gnu
Configured with: ../src/configure -v --with-pkgversion='Ubuntu 7.4.0-1ubuntu1~18.04.1' --with-bugurl=file:///usr/share/doc/gcc-7/README.Bugs --enable-languages=c,ada,c++,go,brig,d,fortran,objc,obj-c++ --prefix=/usr --with-gcc-major-version-only --program-suffix=-7 --program-prefix=x86_64-linux-gnu- --enable-shared --enable-linker-build-id --libexecdir=/usr/lib --without-included-gettext --enable-threads=posix --libdir=/usr/lib --enable-nls --with-sysroot=/ --enable-clocale=gnu --enable-libstdcxx-debug --enable-libstdcxx-time=yes --with-default-libstdcxx-abi=new --enable-gnu-unique-object --disable-vtable-verify --enable-libmpx --enable-plugin --enable-default-pie --with-system-zlib --with-target-system-zlib --enable-objc-gc=auto --enable-multiarch --disable-werror --with-arch-32=i686 --with-abi=m64 --with-multilib-list=m32,m64,mx32 --enable-multilib --with-tune=generic --enable-offload-targets=nvptx-none --without-cuda-driver --enable-checking=release --build=x86_64-linux-gnu --host=x86_64-linux-gnu --target=x86_64-linux-gnu
Thread model: posix
gcc version 7.4.0 (Ubuntu 7.4.0-1ubuntu1~18.04.1) 
COLLECT_GCC_OPTIONS='-fvisibility-inlines-hidden' '-std=c++14' '-fmessage-length=0' '-march=nocona' '-mtune=haswell' '-ftree-vectorize' '-fPIC' '-fstack-protector-strong' '-fno-plt' '-O2' '-ffunction-sections' '-pipe' '-isystem' '/home/andfoy/anaconda3/envs/pytorch-cuda-dev/include' '-I' '/usr/local/cuda-10.1.243/include' '-L/usr/local/cuda-10.1.243/lib64' '-L/home/andfoy/anaconda3/envs/pytorch-cuda-dev/lib' '-v' '-o' 'CMakeFiles/cmTC_a7d3d.dir/CMakeCXXCompilerABI.cpp.o' '-c' '-shared-libgcc'
 /usr/lib/gcc/x86_64-linux-gnu/7/cc1plus -quiet -v -I /usr/local/cuda-10.1.243/include -imultiarch x86_64-linux-gnu -D_GNU_SOURCE -isystem /home/andfoy/anaconda3/envs/pytorch-cuda-dev/include /home/andfoy/anaconda3/envs/pytorch-cuda-dev/share/cmake-3.16/Modules/CMakeCXXCompilerABI.cpp -quiet -dumpbase CMakeCXXCompilerABI.cpp -march=nocona -mtune=haswell -auxbase-strip CMakeFiles/cmTC_a7d3d.dir/CMakeCXXCompilerABI.cpp.o -O2 -std=c++14 -version -fvisibility-inlines-hidden -fmessage-length=0 -ftree-vectorize -fPIC -fstack-protector-strong -fno-plt -ffunction-sections -fstack-protector-strong -Wformat -Wformat-security -o - |
 as -v -I /usr/local/cuda-10.1.243/include --64 -o CMakeFiles/cmTC_a7d3d.dir/CMakeCXXCompilerABI.cpp.o
GNU assembler version 2.33.1 (x86_64-conda_cos6-linux-gnu) using BFD version (GNU Binutils) 2.33.1
GNU C++14 (Ubuntu 7.4.0-1ubuntu1~18.04.1) version 7.4.0 (x86_64-linux-gnu)
	compiled by GNU C version 7.4.0, GMP version 6.1.2, MPFR version 4.0.1, MPC version 1.1.0, isl version isl-0.19-GMP

GGC heuristics: --param ggc-min-expand=100 --param ggc-min-heapsize=131072
ignoring duplicate directory "/usr/include/x86_64-linux-gnu/c++/7"
ignoring nonexistent directory "/usr/local/include/x86_64-linux-gnu"
ignoring nonexistent directory "/usr/lib/gcc/x86_64-linux-gnu/7/../../../../x86_64-linux-gnu/include"
#include "..." search starts here:
#include <...> search starts here:
 /usr/local/cuda-10.1.243/include
 /home/andfoy/anaconda3/envs/pytorch-cuda-dev/include
 /usr/include/c++/7
 /usr/include/x86_64-linux-gnu/c++/7
 /usr/include/c++/7/backward
 /usr/lib/gcc/x86_64-linux-gnu/7/include
 /usr/local/include
 /usr/lib/gcc/x86_64-linux-gnu/7/include-fixed
 /usr/include/x86_64-linux-gnu
 /usr/include
End of search list.
GNU C++14 (Ubuntu 7.4.0-1ubuntu1~18.04.1) version 7.4.0 (x86_64-linux-gnu)
	compiled by GNU C version 7.4.0, GMP version 6.1.2, MPFR version 4.0.1, MPC version 1.1.0, isl version isl-0.19-GMP

GGC heuristics: --param ggc-min-expand=100 --param ggc-min-heapsize=131072
Compiler executable checksum: 38816e3807cdcb3c59571e251bd6c090
COMPILER_PATH=/usr/lib/gcc/x86_64-linux-gnu/7/:/usr/lib/gcc/x86_64-linux-gnu/7/:/usr/lib/gcc/x86_64-linux-gnu/:/usr/lib/gcc/x86_64-linux-gnu/7/:/usr/lib/gcc/x86_64-linux-gnu/
LIBRARY_PATH=/usr/lib/gcc/x86_64-linux-gnu/7/:/usr/lib/gcc/x86_64-linux-gnu/7/../../../x86_64-linux-gnu/:/usr/lib/gcc/x86_64-linux-gnu/7/../../../../lib/:/lib/x86_64-linux-gnu/:/lib/../lib/:/usr/lib/x86_64-linux-gnu/:/usr/lib/../lib/:/usr/lib/gcc/x86_64-linux-gnu/7/../../../:/lib/:/usr/lib/
COLLECT_GCC_OPTIONS='-fvisibility-inlines-hidden' '-std=c++14' '-fmessage-length=0' '-march=nocona' '-mtune=haswell' '-ftree-vectorize' '-fPIC' '-fstack-protector-strong' '-fno-plt' '-O2' '-ffunction-sections' '-pipe' '-isystem' '/home/andfoy/anaconda3/envs/pytorch-cuda-dev/include' '-I' '/usr/local/cuda-10.1.243/include' '-L/usr/local/cuda-10.1.243/lib64' '-L/home/andfoy/anaconda3/envs/pytorch-cuda-dev/lib' '-v' '-o' 'CMakeFiles/cmTC_a7d3d.dir/CMakeCXXCompilerABI.cpp.o' '-c' '-shared-libgcc'
Linking CXX executable cmTC_a7d3d
/home/andfoy/anaconda3/envs/pytorch-cuda-dev/bin/cmake -E cmake_link_script CMakeFiles/cmTC_a7d3d.dir/link.txt --verbose=1
/usr/bin/g++  -fvisibility-inlines-hidden -std=c++14 -fmessage-length=0 -march=nocona -mtune=haswell -ftree-vectorize -fPIC -fstack-protector-strong -fno-plt -O2 -ffunction-sections -pipe -isystem /home/andfoy/anaconda3/envs/pytorch-cuda-dev/include -I/usr/local/cuda-10.1.243/include -L/usr/local/cuda-10.1.243/lib64 -L/home/andfoy/anaconda3/envs/pytorch-cuda-dev/lib   -Wl,-O2 -Wl,--sort-common -Wl,--as-needed -Wl,-z,relro -Wl,-z,now -Wl,--disable-new-dtags -Wl,--gc-sections -Wl,-rpath,/home/andfoy/anaconda3/envs/pytorch-cuda-dev/lib -Wl,-rpath-link,/home/andfoy/anaconda3/envs/pytorch-cuda-dev/lib -L/home/andfoy/anaconda3/envs/pytorch-cuda-dev/lib -Wl,-rpath,/usr/local/cuda-10.1.243/lib64 -Wl,-rpath-link,/usr/local/cuda-10.1.243/lib64 -L/usr/local/cuda-10.1.243/lib64 -v -rdynamic CMakeFiles/cmTC_a7d3d.dir/CMakeCXXCompilerABI.cpp.o  -o cmTC_a7d3d 
Using built-in specs.
COLLECT_GCC=/usr/bin/g++
COLLECT_LTO_WRAPPER=/usr/lib/gcc/x86_64-linux-gnu/7/lto-wrapper
OFFLOAD_TARGET_NAMES=nvptx-none
OFFLOAD_TARGET_DEFAULT=1
Target: x86_64-linux-gnu
Configured with: ../src/configure -v --with-pkgversion='Ubuntu 7.4.0-1ubuntu1~18.04.1' --with-bugurl=file:///usr/share/doc/gcc-7/README.Bugs --enable-languages=c,ada,c++,go,brig,d,fortran,objc,obj-c++ --prefix=/usr --with-gcc-major-version-only --program-suffix=-7 --program-prefix=x86_64-linux-gnu- --enable-shared --enable-linker-build-id --libexecdir=/usr/lib --without-included-gettext --enable-threads=posix --libdir=/usr/lib --enable-nls --with-sysroot=/ --enable-clocale=gnu --enable-libstdcxx-debug --enable-libstdcxx-time=yes --with-default-libstdcxx-abi=new --enable-gnu-unique-object --disable-vtable-verify --enable-libmpx --enable-plugin --enable-default-pie --with-system-zlib --with-target-system-zlib --enable-objc-gc=auto --enable-multiarch --disable-werror --with-arch-32=i686 --with-abi=m64 --with-multilib-list=m32,m64,mx32 --enable-multilib --with-tune=generic --enable-offload-targets=nvptx-none --without-cuda-driver --enable-checking=release --build=x86_64-linux-gnu --host=x86_64-linux-gnu --target=x86_64-linux-gnu
Thread model: posix
gcc version 7.4.0 (Ubuntu 7.4.0-1ubuntu1~18.04.1) 
COMPILER_PATH=/usr/lib/gcc/x86_64-linux-gnu/7/:/usr/lib/gcc/x86_64-linux-gnu/7/:/usr/lib/gcc/x86_64-linux-gnu/:/usr/lib/gcc/x86_64-linux-gnu/7/:/usr/lib/gcc/x86_64-linux-gnu/
LIBRARY_PATH=/usr/lib/gcc/x86_64-linux-gnu/7/:/usr/lib/gcc/x86_64-linux-gnu/7/../../../x86_64-linux-gnu/:/usr/lib/gcc/x86_64-linux-gnu/7/../../../../lib/:/lib/x86_64-linux-gnu/:/lib/../lib/:/usr/lib/x86_64-linux-gnu/:/usr/lib/../lib/:/usr/lib/gcc/x86_64-linux-gnu/7/../../../:/lib/:/usr/lib/
COLLECT_GCC_OPTIONS='-fvisibility-inlines-hidden' '-std=c++14' '-fmessage-length=0' '-march=nocona' '-mtune=haswell' '-ftree-vectorize' '-fPIC' '-fstack-protector-strong' '-fno-plt' '-O2' '-ffunction-sections' '-pipe' '-isystem' '/home/andfoy/anaconda3/envs/pytorch-cuda-dev/include' '-I' '/usr/local/cuda-10.1.243/include' '-L/usr/local/cuda-10.1.243/lib64' '-L/home/andfoy/anaconda3/envs/pytorch-cuda-dev/lib' '-L/home/andfoy/anaconda3/envs/pytorch-cuda-dev/lib' '-L/usr/local/cuda-10.1.243/lib64' '-v' '-rdynamic' '-o' 'cmTC_a7d3d' '-shared-libgcc'
 /usr/lib/gcc/x86_64-linux-gnu/7/collect2 -plugin /usr/lib/gcc/x86_64-linux-gnu/7/liblto_plugin.so -plugin-opt=/usr/lib/gcc/x86_64-linux-gnu/7/lto-wrapper -plugin-opt=-fresolution=/tmp/ccUe2snG.res -plugin-opt=-pass-through=-lgcc_s -plugin-opt=-pass-through=-lgcc -plugin-opt=-pass-through=-lc -plugin-opt=-pass-through=-lgcc_s -plugin-opt=-pass-through=-lgcc --sysroot=/ --build-id --eh-frame-hdr -m elf_x86_64 --hash-style=gnu --as-needed -export-dynamic -dynamic-linker /lib64/ld-linux-x86-64.so.2 -pie -z now -z relro -o cmTC_a7d3d /usr/lib/gcc/x86_64-linux-gnu/7/../../../x86_64-linux-gnu/Scrt1.o /usr/lib/gcc/x86_64-linux-gnu/7/../../../x86_64-linux-gnu/crti.o /usr/lib/gcc/x86_64-linux-gnu/7/crtbeginS.o -L/usr/local/cuda-10.1.243/lib64 -L/home/andfoy/anaconda3/envs/pytorch-cuda-dev/lib -L/home/andfoy/anaconda3/envs/pytorch-cuda-dev/lib -L/usr/local/cuda-10.1.243/lib64 -L/usr/lib/gcc/x86_64-linux-gnu/7 -L/usr/lib/gcc/x86_64-linux-gnu/7/../../../x86_64-linux-gnu -L/usr/lib/gcc/x86_64-linux-gnu/7/../../../../lib -L/lib/x86_64-linux-gnu -L/lib/../lib -L/usr/lib/x86_64-linux-gnu -L/usr/lib/../lib -L/usr/lib/gcc/x86_64-linux-gnu/7/../../.. -O2 --sort-common --as-needed -z relro -z now --disable-new-dtags --gc-sections -rpath /home/andfoy/anaconda3/envs/pytorch-cuda-dev/lib -rpath-link /home/andfoy/anaconda3/envs/pytorch-cuda-dev/lib -rpath /usr/local/cuda-10.1.243/lib64 -rpath-link /usr/local/cuda-10.1.243/lib64 CMakeFiles/cmTC_a7d3d.dir/CMakeCXXCompilerABI.cpp.o -lstdc++ -lm -lgcc_s -lgcc -lc -lgcc_s -lgcc /usr/lib/gcc/x86_64-linux-gnu/7/crtendS.o /usr/lib/gcc/x86_64-linux-gnu/7/../../../x86_64-linux-gnu/crtn.o
COLLECT_GCC_OPTIONS='-fvisibility-inlines-hidden' '-std=c++14' '-fmessage-length=0' '-march=nocona' '-mtune=haswell' '-ftree-vectorize' '-fPIC' '-fstack-protector-strong' '-fno-plt' '-O2' '-ffunction-sections' '-pipe' '-isystem' '/home/andfoy/anaconda3/envs/pytorch-cuda-dev/include' '-I' '/usr/local/cuda-10.1.243/include' '-L/usr/local/cuda-10.1.243/lib64' '-L/home/andfoy/anaconda3/envs/pytorch-cuda-dev/lib' '-L/home/andfoy/anaconda3/envs/pytorch-cuda-dev/lib' '-L/usr/local/cuda-10.1.243/lib64' '-v' '-rdynamic' '-o' 'cmTC_a7d3d' '-shared-libgcc'
make[1]: Leaving directory '/home/andfoy/git/Quansight/test-lstm-pytorch/build/CMakeFiles/CMakeTmp'



Parsed CXX implicit include dir info from above output: rv=done
  found start of include info
  found start of implicit include info
    add: [/usr/local/cuda-10.1.243/include]
    add: [/home/andfoy/anaconda3/envs/pytorch-cuda-dev/include]
    add: [/usr/include/c++/7]
    add: [/usr/include/x86_64-linux-gnu/c++/7]
    add: [/usr/include/c++/7/backward]
    add: [/usr/lib/gcc/x86_64-linux-gnu/7/include]
    add: [/usr/local/include]
    add: [/usr/lib/gcc/x86_64-linux-gnu/7/include-fixed]
    add: [/usr/include/x86_64-linux-gnu]
    add: [/usr/include]
  end of search list found
  collapse include dir [/usr/local/cuda-10.1.243/include] ==> [/usr/local/cuda-10.1.243/include]
  collapse include dir [/home/andfoy/anaconda3/envs/pytorch-cuda-dev/include] ==> [/home/andfoy/anaconda3/envs/pytorch-cuda-dev/include]
  collapse include dir [/usr/include/c++/7] ==> [/usr/include/c++/7]
  collapse include dir [/usr/include/x86_64-linux-gnu/c++/7] ==> [/usr/include/x86_64-linux-gnu/c++/7]
  collapse include dir [/usr/include/c++/7/backward] ==> [/usr/include/c++/7/backward]
  collapse include dir [/usr/lib/gcc/x86_64-linux-gnu/7/include] ==> [/usr/lib/gcc/x86_64-linux-gnu/7/include]
  collapse include dir [/usr/local/include] ==> [/usr/local/include]
  collapse include dir [/usr/lib/gcc/x86_64-linux-gnu/7/include-fixed] ==> [/usr/lib/gcc/x86_64-linux-gnu/7/include-fixed]
  collapse include dir [/usr/include/x86_64-linux-gnu] ==> [/usr/include/x86_64-linux-gnu]
  collapse include dir [/usr/include] ==> [/usr/include]
  implicit include dirs: [/usr/local/cuda-10.1.243/include;/home/andfoy/anaconda3/envs/pytorch-cuda-dev/include;/usr/include/c++/7;/usr/include/x86_64-linux-gnu/c++/7;/usr/include/c++/7/backward;/usr/lib/gcc/x86_64-linux-gnu/7/include;/usr/local/include;/usr/lib/gcc/x86_64-linux-gnu/7/include-fixed;/usr/include/x86_64-linux-gnu;/usr/include]


Parsed CXX implicit link information from above output:
  link line regex: [^( *|.*[/\])(ld|CMAKE_LINK_STARTFILE-NOTFOUND|([^/\]+-)?ld|collect2)[^/\]*( |$)]
  ignore line: [Change Dir: /home/andfoy/git/Quansight/test-lstm-pytorch/build/CMakeFiles/CMakeTmp]
  ignore line: []
  ignore line: [Run Build Command(s):/usr/bin/make cmTC_a7d3d/fast && /usr/bin/make -f CMakeFiles/cmTC_a7d3d.dir/build.make CMakeFiles/cmTC_a7d3d.dir/build]
  ignore line: [make[1]: Entering directory '/home/andfoy/git/Quansight/test-lstm-pytorch/build/CMakeFiles/CMakeTmp']
  ignore line: [Building CXX object CMakeFiles/cmTC_a7d3d.dir/CMakeCXXCompilerABI.cpp.o]
  ignore line: [/usr/bin/g++    -fvisibility-inlines-hidden -std=c++14 -fmessage-length=0 -march=nocona -mtune=haswell -ftree-vectorize -fPIC -fstack-protector-strong -fno-plt -O2 -ffunction-sections -pipe -isystem /home/andfoy/anaconda3/envs/pytorch-cuda-dev/include -I/usr/local/cuda-10.1.243/include -L/usr/local/cuda-10.1.243/lib64 -L/home/andfoy/anaconda3/envs/pytorch-cuda-dev/lib    -v -o CMakeFiles/cmTC_a7d3d.dir/CMakeCXXCompilerABI.cpp.o -c /home/andfoy/anaconda3/envs/pytorch-cuda-dev/share/cmake-3.16/Modules/CMakeCXXCompilerABI.cpp]
  ignore line: [Using built-in specs.]
  ignore line: [COLLECT_GCC=/usr/bin/g++]
  ignore line: [OFFLOAD_TARGET_NAMES=nvptx-none]
  ignore line: [OFFLOAD_TARGET_DEFAULT=1]
  ignore line: [Target: x86_64-linux-gnu]
  ignore line: [Configured with: ../src/configure -v --with-pkgversion='Ubuntu 7.4.0-1ubuntu1~18.04.1' --with-bugurl=file:///usr/share/doc/gcc-7/README.Bugs --enable-languages=c ada c++ go brig d fortran objc obj-c++ --prefix=/usr --with-gcc-major-version-only --program-suffix=-7 --program-prefix=x86_64-linux-gnu- --enable-shared --enable-linker-build-id --libexecdir=/usr/lib --without-included-gettext --enable-threads=posix --libdir=/usr/lib --enable-nls --with-sysroot=/ --enable-clocale=gnu --enable-libstdcxx-debug --enable-libstdcxx-time=yes --with-default-libstdcxx-abi=new --enable-gnu-unique-object --disable-vtable-verify --enable-libmpx --enable-plugin --enable-default-pie --with-system-zlib --with-target-system-zlib --enable-objc-gc=auto --enable-multiarch --disable-werror --with-arch-32=i686 --with-abi=m64 --with-multilib-list=m32 m64 mx32 --enable-multilib --with-tune=generic --enable-offload-targets=nvptx-none --without-cuda-driver --enable-checking=release --build=x86_64-linux-gnu --host=x86_64-linux-gnu --target=x86_64-linux-gnu]
  ignore line: [Thread model: posix]
  ignore line: [gcc version 7.4.0 (Ubuntu 7.4.0-1ubuntu1~18.04.1) ]
  ignore line: [COLLECT_GCC_OPTIONS='-fvisibility-inlines-hidden' '-std=c++14' '-fmessage-length=0' '-march=nocona' '-mtune=haswell' '-ftree-vectorize' '-fPIC' '-fstack-protector-strong' '-fno-plt' '-O2' '-ffunction-sections' '-pipe' '-isystem' '/home/andfoy/anaconda3/envs/pytorch-cuda-dev/include' '-I' '/usr/local/cuda-10.1.243/include' '-L/usr/local/cuda-10.1.243/lib64' '-L/home/andfoy/anaconda3/envs/pytorch-cuda-dev/lib' '-v' '-o' 'CMakeFiles/cmTC_a7d3d.dir/CMakeCXXCompilerABI.cpp.o' '-c' '-shared-libgcc']
  ignore line: [ /usr/lib/gcc/x86_64-linux-gnu/7/cc1plus -quiet -v -I /usr/local/cuda-10.1.243/include -imultiarch x86_64-linux-gnu -D_GNU_SOURCE -isystem /home/andfoy/anaconda3/envs/pytorch-cuda-dev/include /home/andfoy/anaconda3/envs/pytorch-cuda-dev/share/cmake-3.16/Modules/CMakeCXXCompilerABI.cpp -quiet -dumpbase CMakeCXXCompilerABI.cpp -march=nocona -mtune=haswell -auxbase-strip CMakeFiles/cmTC_a7d3d.dir/CMakeCXXCompilerABI.cpp.o -O2 -std=c++14 -version -fvisibility-inlines-hidden -fmessage-length=0 -ftree-vectorize -fPIC -fstack-protector-strong -fno-plt -ffunction-sections -fstack-protector-strong -Wformat -Wformat-security -o - |]
  ignore line: [ as -v -I /usr/local/cuda-10.1.243/include --64 -o CMakeFiles/cmTC_a7d3d.dir/CMakeCXXCompilerABI.cpp.o]
  ignore line: [GNU assembler version 2.33.1 (x86_64-conda_cos6-linux-gnu) using BFD version (GNU Binutils) 2.33.1]
  ignore line: [GNU C++14 (Ubuntu 7.4.0-1ubuntu1~18.04.1) version 7.4.0 (x86_64-linux-gnu)]
  ignore line: [	compiled by GNU C version 7.4.0  GMP version 6.1.2  MPFR version 4.0.1  MPC version 1.1.0  isl version isl-0.19-GMP]
  ignore line: []
  ignore line: [GGC heuristics: --param ggc-min-expand=100 --param ggc-min-heapsize=131072]
  ignore line: [ignoring duplicate directory "/usr/include/x86_64-linux-gnu/c++/7"]
  ignore line: [ignoring nonexistent directory "/usr/local/include/x86_64-linux-gnu"]
  ignore line: [ignoring nonexistent directory "/usr/lib/gcc/x86_64-linux-gnu/7/../../../../x86_64-linux-gnu/include"]
  ignore line: [#include "..." search starts here:]
  ignore line: [#include <...> search starts here:]
  ignore line: [ /usr/local/cuda-10.1.243/include]
  ignore line: [ /home/andfoy/anaconda3/envs/pytorch-cuda-dev/include]
  ignore line: [ /usr/include/c++/7]
  ignore line: [ /usr/include/x86_64-linux-gnu/c++/7]
  ignore line: [ /usr/include/c++/7/backward]
  ignore line: [ /usr/lib/gcc/x86_64-linux-gnu/7/include]
  ignore line: [ /usr/local/include]
  ignore line: [ /usr/lib/gcc/x86_64-linux-gnu/7/include-fixed]
  ignore line: [ /usr/include/x86_64-linux-gnu]
  ignore line: [ /usr/include]
  ignore line: [End of search list.]
  ignore line: [GNU C++14 (Ubuntu 7.4.0-1ubuntu1~18.04.1) version 7.4.0 (x86_64-linux-gnu)]
  ignore line: [	compiled by GNU C version 7.4.0  GMP version 6.1.2  MPFR version 4.0.1  MPC version 1.1.0  isl version isl-0.19-GMP]
  ignore line: []
  ignore line: [GGC heuristics: --param ggc-min-expand=100 --param ggc-min-heapsize=131072]
  ignore line: [Compiler executable checksum: 38816e3807cdcb3c59571e251bd6c090]
  ignore line: [COMPILER_PATH=/usr/lib/gcc/x86_64-linux-gnu/7/:/usr/lib/gcc/x86_64-linux-gnu/7/:/usr/lib/gcc/x86_64-linux-gnu/:/usr/lib/gcc/x86_64-linux-gnu/7/:/usr/lib/gcc/x86_64-linux-gnu/]
  ignore line: [LIBRARY_PATH=/usr/lib/gcc/x86_64-linux-gnu/7/:/usr/lib/gcc/x86_64-linux-gnu/7/../../../x86_64-linux-gnu/:/usr/lib/gcc/x86_64-linux-gnu/7/../../../../lib/:/lib/x86_64-linux-gnu/:/lib/../lib/:/usr/lib/x86_64-linux-gnu/:/usr/lib/../lib/:/usr/lib/gcc/x86_64-linux-gnu/7/../../../:/lib/:/usr/lib/]
  ignore line: [COLLECT_GCC_OPTIONS='-fvisibility-inlines-hidden' '-std=c++14' '-fmessage-length=0' '-march=nocona' '-mtune=haswell' '-ftree-vectorize' '-fPIC' '-fstack-protector-strong' '-fno-plt' '-O2' '-ffunction-sections' '-pipe' '-isystem' '/home/andfoy/anaconda3/envs/pytorch-cuda-dev/include' '-I' '/usr/local/cuda-10.1.243/include' '-L/usr/local/cuda-10.1.243/lib64' '-L/home/andfoy/anaconda3/envs/pytorch-cuda-dev/lib' '-v' '-o' 'CMakeFiles/cmTC_a7d3d.dir/CMakeCXXCompilerABI.cpp.o' '-c' '-shared-libgcc']
  ignore line: [Linking CXX executable cmTC_a7d3d]
  ignore line: [/home/andfoy/anaconda3/envs/pytorch-cuda-dev/bin/cmake -E cmake_link_script CMakeFiles/cmTC_a7d3d.dir/link.txt --verbose=1]
  ignore line: [/usr/bin/g++  -fvisibility-inlines-hidden -std=c++14 -fmessage-length=0 -march=nocona -mtune=haswell -ftree-vectorize -fPIC -fstack-protector-strong -fno-plt -O2 -ffunction-sections -pipe -isystem /home/andfoy/anaconda3/envs/pytorch-cuda-dev/include -I/usr/local/cuda-10.1.243/include -L/usr/local/cuda-10.1.243/lib64 -L/home/andfoy/anaconda3/envs/pytorch-cuda-dev/lib   -Wl -O2 -Wl --sort-common -Wl --as-needed -Wl -z relro -Wl -z now -Wl --disable-new-dtags -Wl --gc-sections -Wl -rpath /home/andfoy/anaconda3/envs/pytorch-cuda-dev/lib -Wl -rpath-link /home/andfoy/anaconda3/envs/pytorch-cuda-dev/lib -L/home/andfoy/anaconda3/envs/pytorch-cuda-dev/lib -Wl -rpath /usr/local/cuda-10.1.243/lib64 -Wl -rpath-link /usr/local/cuda-10.1.243/lib64 -L/usr/local/cuda-10.1.243/lib64 -v -rdynamic CMakeFiles/cmTC_a7d3d.dir/CMakeCXXCompilerABI.cpp.o  -o cmTC_a7d3d ]
  ignore line: [Using built-in specs.]
  ignore line: [COLLECT_GCC=/usr/bin/g++]
  ignore line: [COLLECT_LTO_WRAPPER=/usr/lib/gcc/x86_64-linux-gnu/7/lto-wrapper]
  ignore line: [OFFLOAD_TARGET_NAMES=nvptx-none]
  ignore line: [OFFLOAD_TARGET_DEFAULT=1]
  ignore line: [Target: x86_64-linux-gnu]
  ignore line: [Configured with: ../src/configure -v --with-pkgversion='Ubuntu 7.4.0-1ubuntu1~18.04.1' --with-bugurl=file:///usr/share/doc/gcc-7/README.Bugs --enable-languages=c ada c++ go brig d fortran objc obj-c++ --prefix=/usr --with-gcc-major-version-only --program-suffix=-7 --program-prefix=x86_64-linux-gnu- --enable-shared --enable-linker-build-id --libexecdir=/usr/lib --without-included-gettext --enable-threads=posix --libdir=/usr/lib --enable-nls --with-sysroot=/ --enable-clocale=gnu --enable-libstdcxx-debug --enable-libstdcxx-time=yes --with-default-libstdcxx-abi=new --enable-gnu-unique-object --disable-vtable-verify --enable-libmpx --enable-plugin --enable-default-pie --with-system-zlib --with-target-system-zlib --enable-objc-gc=auto --enable-multiarch --disable-werror --with-arch-32=i686 --with-abi=m64 --with-multilib-list=m32 m64 mx32 --enable-multilib --with-tune=generic --enable-offload-targets=nvptx-none --without-cuda-driver --enable-checking=release --build=x86_64-linux-gnu --host=x86_64-linux-gnu --target=x86_64-linux-gnu]
  ignore line: [Thread model: posix]
  ignore line: [gcc version 7.4.0 (Ubuntu 7.4.0-1ubuntu1~18.04.1) ]
  ignore line: [COMPILER_PATH=/usr/lib/gcc/x86_64-linux-gnu/7/:/usr/lib/gcc/x86_64-linux-gnu/7/:/usr/lib/gcc/x86_64-linux-gnu/:/usr/lib/gcc/x86_64-linux-gnu/7/:/usr/lib/gcc/x86_64-linux-gnu/]
  ignore line: [LIBRARY_PATH=/usr/lib/gcc/x86_64-linux-gnu/7/:/usr/lib/gcc/x86_64-linux-gnu/7/../../../x86_64-linux-gnu/:/usr/lib/gcc/x86_64-linux-gnu/7/../../../../lib/:/lib/x86_64-linux-gnu/:/lib/../lib/:/usr/lib/x86_64-linux-gnu/:/usr/lib/../lib/:/usr/lib/gcc/x86_64-linux-gnu/7/../../../:/lib/:/usr/lib/]
  ignore line: [COLLECT_GCC_OPTIONS='-fvisibility-inlines-hidden' '-std=c++14' '-fmessage-length=0' '-march=nocona' '-mtune=haswell' '-ftree-vectorize' '-fPIC' '-fstack-protector-strong' '-fno-plt' '-O2' '-ffunction-sections' '-pipe' '-isystem' '/home/andfoy/anaconda3/envs/pytorch-cuda-dev/include' '-I' '/usr/local/cuda-10.1.243/include' '-L/usr/local/cuda-10.1.243/lib64' '-L/home/andfoy/anaconda3/envs/pytorch-cuda-dev/lib' '-L/home/andfoy/anaconda3/envs/pytorch-cuda-dev/lib' '-L/usr/local/cuda-10.1.243/lib64' '-v' '-rdynamic' '-o' 'cmTC_a7d3d' '-shared-libgcc']
  link line: [ /usr/lib/gcc/x86_64-linux-gnu/7/collect2 -plugin /usr/lib/gcc/x86_64-linux-gnu/7/liblto_plugin.so -plugin-opt=/usr/lib/gcc/x86_64-linux-gnu/7/lto-wrapper -plugin-opt=-fresolution=/tmp/ccUe2snG.res -plugin-opt=-pass-through=-lgcc_s -plugin-opt=-pass-through=-lgcc -plugin-opt=-pass-through=-lc -plugin-opt=-pass-through=-lgcc_s -plugin-opt=-pass-through=-lgcc --sysroot=/ --build-id --eh-frame-hdr -m elf_x86_64 --hash-style=gnu --as-needed -export-dynamic -dynamic-linker /lib64/ld-linux-x86-64.so.2 -pie -z now -z relro -o cmTC_a7d3d /usr/lib/gcc/x86_64-linux-gnu/7/../../../x86_64-linux-gnu/Scrt1.o /usr/lib/gcc/x86_64-linux-gnu/7/../../../x86_64-linux-gnu/crti.o /usr/lib/gcc/x86_64-linux-gnu/7/crtbeginS.o -L/usr/local/cuda-10.1.243/lib64 -L/home/andfoy/anaconda3/envs/pytorch-cuda-dev/lib -L/home/andfoy/anaconda3/envs/pytorch-cuda-dev/lib -L/usr/local/cuda-10.1.243/lib64 -L/usr/lib/gcc/x86_64-linux-gnu/7 -L/usr/lib/gcc/x86_64-linux-gnu/7/../../../x86_64-linux-gnu -L/usr/lib/gcc/x86_64-linux-gnu/7/../../../../lib -L/lib/x86_64-linux-gnu -L/lib/../lib -L/usr/lib/x86_64-linux-gnu -L/usr/lib/../lib -L/usr/lib/gcc/x86_64-linux-gnu/7/../../.. -O2 --sort-common --as-needed -z relro -z now --disable-new-dtags --gc-sections -rpath /home/andfoy/anaconda3/envs/pytorch-cuda-dev/lib -rpath-link /home/andfoy/anaconda3/envs/pytorch-cuda-dev/lib -rpath /usr/local/cuda-10.1.243/lib64 -rpath-link /usr/local/cuda-10.1.243/lib64 CMakeFiles/cmTC_a7d3d.dir/CMakeCXXCompilerABI.cpp.o -lstdc++ -lm -lgcc_s -lgcc -lc -lgcc_s -lgcc /usr/lib/gcc/x86_64-linux-gnu/7/crtendS.o /usr/lib/gcc/x86_64-linux-gnu/7/../../../x86_64-linux-gnu/crtn.o]
    arg [/usr/lib/gcc/x86_64-linux-gnu/7/collect2] ==> ignore
    arg [-plugin] ==> ignore
    arg [/usr/lib/gcc/x86_64-linux-gnu/7/liblto_plugin.so] ==> ignore
    arg [-plugin-opt=/usr/lib/gcc/x86_64-linux-gnu/7/lto-wrapper] ==> ignore
    arg [-plugin-opt=-fresolution=/tmp/ccUe2snG.res] ==> ignore
    arg [-plugin-opt=-pass-through=-lgcc_s] ==> ignore
    arg [-plugin-opt=-pass-through=-lgcc] ==> ignore
    arg [-plugin-opt=-pass-through=-lc] ==> ignore
    arg [-plugin-opt=-pass-through=-lgcc_s] ==> ignore
    arg [-plugin-opt=-pass-through=-lgcc] ==> ignore
    arg [--sysroot=/] ==> ignore
    arg [--build-id] ==> ignore
    arg [--eh-frame-hdr] ==> ignore
    arg [-m] ==> ignore
    arg [elf_x86_64] ==> ignore
    arg [--hash-style=gnu] ==> ignore
    arg [--as-needed] ==> ignore
    arg [-export-dynamic] ==> ignore
    arg [-dynamic-linker] ==> ignore
    arg [/lib64/ld-linux-x86-64.so.2] ==> ignore
    arg [-pie] ==> ignore
    arg [-znow] ==> ignore
    arg [-zrelro] ==> ignore
    arg [-o] ==> ignore
    arg [cmTC_a7d3d] ==> ignore
    arg [/usr/lib/gcc/x86_64-linux-gnu/7/../../../x86_64-linux-gnu/Scrt1.o] ==> ignore
    arg [/usr/lib/gcc/x86_64-linux-gnu/7/../../../x86_64-linux-gnu/crti.o] ==> ignore
    arg [/usr/lib/gcc/x86_64-linux-gnu/7/crtbeginS.o] ==> ignore
    arg [-L/usr/local/cuda-10.1.243/lib64] ==> dir [/usr/local/cuda-10.1.243/lib64]
    arg [-L/home/andfoy/anaconda3/envs/pytorch-cuda-dev/lib] ==> dir [/home/andfoy/anaconda3/envs/pytorch-cuda-dev/lib]
    arg [-L/home/andfoy/anaconda3/envs/pytorch-cuda-dev/lib] ==> dir [/home/andfoy/anaconda3/envs/pytorch-cuda-dev/lib]
    arg [-L/usr/local/cuda-10.1.243/lib64] ==> dir [/usr/local/cuda-10.1.243/lib64]
    arg [-L/usr/lib/gcc/x86_64-linux-gnu/7] ==> dir [/usr/lib/gcc/x86_64-linux-gnu/7]
    arg [-L/usr/lib/gcc/x86_64-linux-gnu/7/../../../x86_64-linux-gnu] ==> dir [/usr/lib/gcc/x86_64-linux-gnu/7/../../../x86_64-linux-gnu]
    arg [-L/usr/lib/gcc/x86_64-linux-gnu/7/../../../../lib] ==> dir [/usr/lib/gcc/x86_64-linux-gnu/7/../../../../lib]
    arg [-L/lib/x86_64-linux-gnu] ==> dir [/lib/x86_64-linux-gnu]
    arg [-L/lib/../lib] ==> dir [/lib/../lib]
    arg [-L/usr/lib/x86_64-linux-gnu] ==> dir [/usr/lib/x86_64-linux-gnu]
    arg [-L/usr/lib/../lib] ==> dir [/usr/lib/../lib]
    arg [-L/usr/lib/gcc/x86_64-linux-gnu/7/../../..] ==> dir [/usr/lib/gcc/x86_64-linux-gnu/7/../../..]
    arg [-O2] ==> ignore
    arg [--sort-common] ==> ignore
    arg [--as-needed] ==> ignore
    arg [-zrelro] ==> ignore
    arg [-znow] ==> ignore
    arg [--disable-new-dtags] ==> ignore
    arg [--gc-sections] ==> ignore
    arg [-rpath] ==> ignore
    arg [/home/andfoy/anaconda3/envs/pytorch-cuda-dev/lib] ==> ignore
    arg [-rpath-link] ==> ignore
    arg [/home/andfoy/anaconda3/envs/pytorch-cuda-dev/lib] ==> ignore
    arg [-rpath] ==> ignore
    arg [/usr/local/cuda-10.1.243/lib64] ==> ignore
    arg [-rpath-link] ==> ignore
    arg [/usr/local/cuda-10.1.243/lib64] ==> ignore
    arg [CMakeFiles/cmTC_a7d3d.dir/CMakeCXXCompilerABI.cpp.o] ==> ignore
    arg [-lstdc++] ==> lib [stdc++]
    arg [-lm] ==> lib [m]
    arg [-lgcc_s] ==> lib [gcc_s]
    arg [-lgcc] ==> lib [gcc]
    arg [-lc] ==> lib [c]
    arg [-lgcc_s] ==> lib [gcc_s]
    arg [-lgcc] ==> lib [gcc]
    arg [/usr/lib/gcc/x86_64-linux-gnu/7/crtendS.o] ==> ignore
    arg [/usr/lib/gcc/x86_64-linux-gnu/7/../../../x86_64-linux-gnu/crtn.o] ==> ignore
  collapse library dir [/usr/local/cuda-10.1.243/lib64] ==> [/usr/local/cuda-10.1.243/lib64]
  collapse library dir [/home/andfoy/anaconda3/envs/pytorch-cuda-dev/lib] ==> [/home/andfoy/anaconda3/envs/pytorch-cuda-dev/lib]
  collapse library dir [/home/andfoy/anaconda3/envs/pytorch-cuda-dev/lib] ==> [/home/andfoy/anaconda3/envs/pytorch-cuda-dev/lib]
  collapse library dir [/usr/local/cuda-10.1.243/lib64] ==> [/usr/local/cuda-10.1.243/lib64]
  collapse library dir [/usr/lib/gcc/x86_64-linux-gnu/7] ==> [/usr/lib/gcc/x86_64-linux-gnu/7]
  collapse library dir [/usr/lib/gcc/x86_64-linux-gnu/7/../../../x86_64-linux-gnu] ==> [/usr/lib/x86_64-linux-gnu]
  collapse library dir [/usr/lib/gcc/x86_64-linux-gnu/7/../../../../lib] ==> [/usr/lib]
  collapse library dir [/lib/x86_64-linux-gnu] ==> [/lib/x86_64-linux-gnu]
  collapse library dir [/lib/../lib] ==> [/lib]
  collapse library dir [/usr/lib/x86_64-linux-gnu] ==> [/usr/lib/x86_64-linux-gnu]
  collapse library dir [/usr/lib/../lib] ==> [/usr/lib]
  collapse library dir [/usr/lib/gcc/x86_64-linux-gnu/7/../../..] ==> [/usr/lib]
  implicit libs: [stdc++;m;gcc_s;gcc;c;gcc_s;gcc]
  implicit dirs: [/usr/local/cuda-10.1.243/lib64;/home/andfoy/anaconda3/envs/pytorch-cuda-dev/lib;/usr/lib/gcc/x86_64-linux-gnu/7;/usr/lib/x86_64-linux-gnu;/usr/lib;/lib/x86_64-linux-gnu;/lib]
  implicit fwks: []


Determining if the include file pthread.h exists passed with the following output:
Change Dir: /home/andfoy/git/Quansight/test-lstm-pytorch/build/CMakeFiles/CMakeTmp

Run Build Command(s):/usr/bin/make cmTC_91dfd/fast && /usr/bin/make -f CMakeFiles/cmTC_91dfd.dir/build.make CMakeFiles/cmTC_91dfd.dir/build
make[1]: Entering directory '/home/andfoy/git/Quansight/test-lstm-pytorch/build/CMakeFiles/CMakeTmp'
Building C object CMakeFiles/cmTC_91dfd.dir/CheckIncludeFile.c.o
/usr/bin/gcc   -march=nocona -mtune=haswell -ftree-vectorize -fPIC -fstack-protector-strong -fno-plt -O2 -ffunction-sections -pipe -isystem /home/andfoy/anaconda3/envs/pytorch-cuda-dev/include -I/usr/local/cuda-10.1.243/include -L/home/andfoy/anaconda3/envs/pytorch-cuda-dev/lib    -o CMakeFiles/cmTC_91dfd.dir/CheckIncludeFile.c.o   -c /home/andfoy/git/Quansight/test-lstm-pytorch/build/CMakeFiles/CMakeTmp/CheckIncludeFile.c
Linking C executable cmTC_91dfd
/home/andfoy/anaconda3/envs/pytorch-cuda-dev/bin/cmake -E cmake_link_script CMakeFiles/cmTC_91dfd.dir/link.txt --verbose=1
/usr/bin/gcc -march=nocona -mtune=haswell -ftree-vectorize -fPIC -fstack-protector-strong -fno-plt -O2 -ffunction-sections -pipe -isystem /home/andfoy/anaconda3/envs/pytorch-cuda-dev/include -I/usr/local/cuda-10.1.243/include -L/home/andfoy/anaconda3/envs/pytorch-cuda-dev/lib   -Wl,-O2 -Wl,--sort-common -Wl,--as-needed -Wl,-z,relro -Wl,-z,now -Wl,--disable-new-dtags -Wl,--gc-sections -Wl,-rpath,/home/andfoy/anaconda3/envs/pytorch-cuda-dev/lib -Wl,-rpath-link,/home/andfoy/anaconda3/envs/pytorch-cuda-dev/lib -L/home/andfoy/anaconda3/envs/pytorch-cuda-dev/lib -Wl,-rpath,/usr/local/cuda-10.1.243/lib64 -Wl,-rpath-link,/usr/local/cuda-10.1.243/lib64 -L/usr/local/cuda-10.1.243/lib64  -rdynamic CMakeFiles/cmTC_91dfd.dir/CheckIncludeFile.c.o  -o cmTC_91dfd 
make[1]: Leaving directory '/home/andfoy/git/Quansight/test-lstm-pytorch/build/CMakeFiles/CMakeTmp'



Determining if the function pthread_create exists in the pthread passed with the following output:
Change Dir: /home/andfoy/git/Quansight/test-lstm-pytorch/build/CMakeFiles/CMakeTmp

Run Build Command(s):/usr/bin/make cmTC_31fee/fast && /usr/bin/make -f CMakeFiles/cmTC_31fee.dir/build.make CMakeFiles/cmTC_31fee.dir/build
make[1]: Entering directory '/home/andfoy/git/Quansight/test-lstm-pytorch/build/CMakeFiles/CMakeTmp'
Building C object CMakeFiles/cmTC_31fee.dir/CheckFunctionExists.c.o
/usr/bin/gcc   -march=nocona -mtune=haswell -ftree-vectorize -fPIC -fstack-protector-strong -fno-plt -O2 -ffunction-sections -pipe -isystem /home/andfoy/anaconda3/envs/pytorch-cuda-dev/include -I/usr/local/cuda-10.1.243/include -L/home/andfoy/anaconda3/envs/pytorch-cuda-dev/lib -DCHECK_FUNCTION_EXISTS=pthread_create   -o CMakeFiles/cmTC_31fee.dir/CheckFunctionExists.c.o   -c /home/andfoy/anaconda3/envs/pytorch-cuda-dev/share/cmake-3.16/Modules/CheckFunctionExists.c
Linking C executable cmTC_31fee
/home/andfoy/anaconda3/envs/pytorch-cuda-dev/bin/cmake -E cmake_link_script CMakeFiles/cmTC_31fee.dir/link.txt --verbose=1
/usr/bin/gcc -march=nocona -mtune=haswell -ftree-vectorize -fPIC -fstack-protector-strong -fno-plt -O2 -ffunction-sections -pipe -isystem /home/andfoy/anaconda3/envs/pytorch-cuda-dev/include -I/usr/local/cuda-10.1.243/include -L/home/andfoy/anaconda3/envs/pytorch-cuda-dev/lib -DCHECK_FUNCTION_EXISTS=pthread_create  -Wl,-O2 -Wl,--sort-common -Wl,--as-needed -Wl,-z,relro -Wl,-z,now -Wl,--disable-new-dtags -Wl,--gc-sections -Wl,-rpath,/home/andfoy/anaconda3/envs/pytorch-cuda-dev/lib -Wl,-rpath-link,/home/andfoy/anaconda3/envs/pytorch-cuda-dev/lib -L/home/andfoy/anaconda3/envs/pytorch-cuda-dev/lib -Wl,-rpath,/usr/local/cuda-10.1.243/lib64 -Wl,-rpath-link,/usr/local/cuda-10.1.243/lib64 -L/usr/local/cuda-10.1.243/lib64  -rdynamic CMakeFiles/cmTC_31fee.dir/CheckFunctionExists.c.o  -o cmTC_31fee  -lpthread 
make[1]: Leaving directory '/home/andfoy/git/Quansight/test-lstm-pytorch/build/CMakeFiles/CMakeTmp'



