Performing C SOURCE FILE Test CMAKE_HAVE_LIBC_PTHREAD failed with the following output:
Change Dir: /home/andfoy/git/Quansight/test-lstm-pytorch/build/CMakeFiles/CMakeTmp

Run Build Command(s):/usr/bin/make cmTC_7582e/fast && /usr/bin/make -f CMakeFiles/cmTC_7582e.dir/build.make CMakeFiles/cmTC_7582e.dir/build
make[1]: Entering directory '/home/andfoy/git/Quansight/test-lstm-pytorch/build/CMakeFiles/CMakeTmp'
Building C object CMakeFiles/cmTC_7582e.dir/src.c.o
/usr/bin/gcc   -march=nocona -mtune=haswell -ftree-vectorize -fPIC -fstack-protector-strong -fno-plt -O2 -ffunction-sections -pipe -isystem /home/andfoy/anaconda3/envs/pytorch-cuda-dev/include -I/usr/local/cuda-10.1.243/include -L/home/andfoy/anaconda3/envs/pytorch-cuda-dev/lib -DCMAKE_HAVE_LIBC_PTHREAD   -o CMakeFiles/cmTC_7582e.dir/src.c.o   -c /home/andfoy/git/Quansight/test-lstm-pytorch/build/CMakeFiles/CMakeTmp/src.c
Linking C executable cmTC_7582e
/home/andfoy/anaconda3/envs/pytorch-cuda-dev/bin/cmake -E cmake_link_script CMakeFiles/cmTC_7582e.dir/link.txt --verbose=1
/usr/bin/gcc -march=nocona -mtune=haswell -ftree-vectorize -fPIC -fstack-protector-strong -fno-plt -O2 -ffunction-sections -pipe -isystem /home/andfoy/anaconda3/envs/pytorch-cuda-dev/include -I/usr/local/cuda-10.1.243/include -L/home/andfoy/anaconda3/envs/pytorch-cuda-dev/lib -DCMAKE_HAVE_LIBC_PTHREAD  -Wl,-O2 -Wl,--sort-common -Wl,--as-needed -Wl,-z,relro -Wl,-z,now -Wl,--disable-new-dtags -Wl,--gc-sections -Wl,-rpath,/home/andfoy/anaconda3/envs/pytorch-cuda-dev/lib -Wl,-rpath-link,/home/andfoy/anaconda3/envs/pytorch-cuda-dev/lib -L/home/andfoy/anaconda3/envs/pytorch-cuda-dev/lib -Wl,-rpath,/usr/local/cuda-10.1.243/lib64 -Wl,-rpath-link,/usr/local/cuda-10.1.243/lib64 -L/usr/local/cuda-10.1.243/lib64  -rdynamic CMakeFiles/cmTC_7582e.dir/src.c.o  -o cmTC_7582e 
/home/andfoy/anaconda3/envs/pytorch-cuda-dev/bin/ld: CMakeFiles/cmTC_7582e.dir/src.c.o: in function `main':
src.c:(.text.startup.main+0x24): undefined reference to `pthread_create'
/home/andfoy/anaconda3/envs/pytorch-cuda-dev/bin/ld: src.c:(.text.startup.main+0x2e): undefined reference to `pthread_detach'
/home/andfoy/anaconda3/envs/pytorch-cuda-dev/bin/ld: src.c:(.text.startup.main+0x3a): undefined reference to `pthread_join'
/home/andfoy/anaconda3/envs/pytorch-cuda-dev/bin/ld: src.c:(.text.startup.main+0x46): undefined reference to `pthread_atfork'
collect2: error: ld returned 1 exit status
CMakeFiles/cmTC_7582e.dir/build.make:86: recipe for target 'cmTC_7582e' failed
make[1]: *** [cmTC_7582e] Error 1
make[1]: Leaving directory '/home/andfoy/git/Quansight/test-lstm-pytorch/build/CMakeFiles/CMakeTmp'
Makefile:121: recipe for target 'cmTC_7582e/fast' failed
make: *** [cmTC_7582e/fast] Error 2


Source file was:
#include <pthread.h>

void* test_func(void* data)
{
  return data;
}

int main(void)
{
  pthread_t thread;
  pthread_create(&thread, NULL, test_func, NULL);
  pthread_detach(thread);
  pthread_join(thread, NULL);
  pthread_atfork(NULL, NULL, NULL);
  pthread_exit(NULL);

  return 0;
}

Determining if the function pthread_create exists in the pthreads failed with the following output:
Change Dir: /home/andfoy/git/Quansight/test-lstm-pytorch/build/CMakeFiles/CMakeTmp

Run Build Command(s):/usr/bin/make cmTC_f765c/fast && /usr/bin/make -f CMakeFiles/cmTC_f765c.dir/build.make CMakeFiles/cmTC_f765c.dir/build
make[1]: Entering directory '/home/andfoy/git/Quansight/test-lstm-pytorch/build/CMakeFiles/CMakeTmp'
Building C object CMakeFiles/cmTC_f765c.dir/CheckFunctionExists.c.o
/usr/bin/gcc   -march=nocona -mtune=haswell -ftree-vectorize -fPIC -fstack-protector-strong -fno-plt -O2 -ffunction-sections -pipe -isystem /home/andfoy/anaconda3/envs/pytorch-cuda-dev/include -I/usr/local/cuda-10.1.243/include -L/home/andfoy/anaconda3/envs/pytorch-cuda-dev/lib -DCHECK_FUNCTION_EXISTS=pthread_create   -o CMakeFiles/cmTC_f765c.dir/CheckFunctionExists.c.o   -c /home/andfoy/anaconda3/envs/pytorch-cuda-dev/share/cmake-3.16/Modules/CheckFunctionExists.c
Linking C executable cmTC_f765c
/home/andfoy/anaconda3/envs/pytorch-cuda-dev/bin/cmake -E cmake_link_script CMakeFiles/cmTC_f765c.dir/link.txt --verbose=1
/usr/bin/gcc -march=nocona -mtune=haswell -ftree-vectorize -fPIC -fstack-protector-strong -fno-plt -O2 -ffunction-sections -pipe -isystem /home/andfoy/anaconda3/envs/pytorch-cuda-dev/include -I/usr/local/cuda-10.1.243/include -L/home/andfoy/anaconda3/envs/pytorch-cuda-dev/lib -DCHECK_FUNCTION_EXISTS=pthread_create  -Wl,-O2 -Wl,--sort-common -Wl,--as-needed -Wl,-z,relro -Wl,-z,now -Wl,--disable-new-dtags -Wl,--gc-sections -Wl,-rpath,/home/andfoy/anaconda3/envs/pytorch-cuda-dev/lib -Wl,-rpath-link,/home/andfoy/anaconda3/envs/pytorch-cuda-dev/lib -L/home/andfoy/anaconda3/envs/pytorch-cuda-dev/lib -Wl,-rpath,/usr/local/cuda-10.1.243/lib64 -Wl,-rpath-link,/usr/local/cuda-10.1.243/lib64 -L/usr/local/cuda-10.1.243/lib64  -rdynamic CMakeFiles/cmTC_f765c.dir/CheckFunctionExists.c.o  -o cmTC_f765c  -lpthreads 
/home/andfoy/anaconda3/envs/pytorch-cuda-dev/bin/ld: cannot find -lpthreads
collect2: error: ld returned 1 exit status
CMakeFiles/cmTC_f765c.dir/build.make:86: recipe for target 'cmTC_f765c' failed
make[1]: *** [cmTC_f765c] Error 1
make[1]: Leaving directory '/home/andfoy/git/Quansight/test-lstm-pytorch/build/CMakeFiles/CMakeTmp'
Makefile:121: recipe for target 'cmTC_f765c/fast' failed
make: *** [cmTC_f765c/fast] Error 2



